# JRE version: Java(TM) SE Runtime Environment (20.0+36) (build 20+36-2344)
# Java VM: Java HotSpot(TM) 64-Bit Server VM (20+36-2344, mixed mode, sharing, tiered, compressed oops, compressed class ptrs, g1 gc, windows-amd64)
GC Precious Log:
 CardTable entry size: 512
 Card Set container configuration: InlinePtr #cards 5 size 8 Array Of Cards #cards 12 size 40 Howl #buckets 4 coarsen threshold 1843 Howl Bitmap #cards 512 size 80 coarsen threshold 460 Card regions per heap region 1 cards per card region 2048
 CPUs: 8 total, 8 available
 Memory: 16064M
 Large Page Support: Disabled
 NUMA Support: Disabled
 Compressed Oops: Enabled (32-bit)
 Heap Region Size: 1M
 Heap Min Capacity: 8M
 Heap Initial Capacity: 252M
 Heap Max Capacity: 2G
 Pre-touch: Disabled
 Parallel Workers: 8
 Concurrent Workers: 2
 Concurrent Refinement Workers: 8
 Periodic GC: Disabled
Heap:
 garbage-first heap   total 126976K, used 84345K [0x0000000080000000, 0x0000000100000000)
  region size 1024K, 7 young (7168K), 2 survivors (2048K)
 Metaspace       used 76822K, committed 78784K, reserved 552960K
  class space    used 10527K, committed 11456K, reserved 421888K
GC Heap History (20 events):
Event: 11.885 GC heap before
{Heap before GC invocations=11 (full 0):
 garbage-first heap   total 84992K, used 73054K [0x0000000080000000, 0x0000000100000000)
  region size 1024K, 32 young (32768K), 5 survivors (5120K)
 Metaspace       used 50527K, committed 52352K, reserved 487424K
  class space    used 7118K, committed 8000K, reserved 421888K
}
Event: 11.890 GC heap after
{Heap after GC invocations=12 (full 0):
 garbage-first heap   total 84992K, used 47710K [0x0000000080000000, 0x0000000100000000)
  region size 1024K, 2 young (2048K), 2 survivors (2048K)
 Metaspace       used 50527K, committed 52352K, reserved 487424K
  class space    used 7118K, committed 8000K, reserved 421888K
}
Event: 12.276 GC heap before
{Heap before GC invocations=13 (full 0):
 garbage-first heap   total 84992K, used 75358K [0x0000000080000000, 0x0000000100000000)
  region size 1024K, 29 young (29696K), 2 survivors (2048K)
 Metaspace       used 54332K, committed 56128K, reserved 487424K
  class space    used 7669K, committed 8576K, reserved 421888K
}
Event: 12.278 GC heap after
{Heap after GC invocations=14 (full 0):
 garbage-first heap   total 84992K, used 48603K [0x0000000080000000, 0x0000000100000000)
  region size 1024K, 3 young (3072K), 3 survivors (3072K)
 Metaspace       used 54332K, committed 56128K, reserved 487424K
  class space    used 7669K, committed 8576K, reserved 421888K
}
Event: 12.728 GC heap before
{Heap before GC invocations=14 (full 0):
 garbage-first heap   total 84992K, used 75227K [0x0000000080000000, 0x0000000100000000)
  region size 1024K, 30 young (30720K), 3 survivors (3072K)
 Metaspace       used 56486K, committed 58240K, reserved 487424K
  class space    used 7919K, committed 8768K, reserved 421888K
}
Event: 12.732 GC heap after
{Heap after GC invocations=15 (full 0):
 garbage-first heap   total 84992K, used 51167K [0x0000000080000000, 0x0000000100000000)
  region size 1024K, 4 young (4096K), 4 survivors (4096K)
 Metaspace       used 56486K, committed 58240K, reserved 487424K
  class space    used 7919K, committed 8768K, reserved 421888K
}
Event: 13.103 GC heap before
{Heap before GC invocations=15 (full 0):
 garbage-first heap   total 84992K, used 74719K [0x0000000080000000, 0x0000000100000000)
  region size 1024K, 28 young (28672K), 4 survivors (4096K)
 Metaspace       used 58361K, committed 60096K, reserved 487424K
  class space    used 8224K, committed 9088K, reserved 421888K
}
Event: 13.107 GC heap after
{Heap after GC invocations=16 (full 0):
 garbage-first heap   total 84992K, used 53611K [0x0000000080000000, 0x0000000100000000)
  region size 1024K, 3 young (3072K), 3 survivors (3072K)
 Metaspace       used 58361K, committed 60096K, reserved 487424K
  class space    used 8224K, committed 9088K, reserved 421888K
}
Event: 13.568 GC heap before
{Heap before GC invocations=17 (full 0):
 garbage-first heap   total 99328K, used 74091K [0x0000000080000000, 0x0000000100000000)
  region size 1024K, 23 young (23552K), 3 survivors (3072K)
 Metaspace       used 59666K, committed 61440K, reserved 487424K
  class space    used 8380K, committed 9216K, reserved 421888K
}
Event: 13.572 GC heap after
{Heap after GC invocations=18 (full 0):
 garbage-first heap   total 119808K, used 55392K [0x0000000080000000, 0x0000000100000000)
  region size 1024K, 2 young (2048K), 2 survivors (2048K)
 Metaspace       used 59666K, committed 61440K, reserved 487424K
  class space    used 8380K, committed 9216K, reserved 421888K
}
Event: 21.512 GC heap before
{Heap before GC invocations=18 (full 0):
 garbage-first heap   total 119808K, used 106592K [0x0000000080000000, 0x0000000100000000)
  region size 1024K, 52 young (53248K), 2 survivors (2048K)
 Metaspace       used 65881K, committed 67776K, reserved 487424K
  class space    used 9283K, committed 10176K, reserved 421888K
}
Event: 21.518 GC heap after
{Heap after GC invocations=19 (full 0):
 garbage-first heap   total 119808K, used 59739K [0x0000000080000000, 0x0000000100000000)
  region size 1024K, 7 young (7168K), 7 survivors (7168K)
 Metaspace       used 65881K, committed 67776K, reserved 487424K
  class space    used 9283K, committed 10176K, reserved 421888K
}
Event: 21.981 GC heap before
{Heap before GC invocations=19 (full 0):
 garbage-first heap   total 119808K, used 84315K [0x0000000080000000, 0x0000000100000000)
  region size 1024K, 33 young (33792K), 7 survivors (7168K)
 Metaspace       used 66821K, committed 68672K, reserved 487424K
  class space    used 9379K, committed 10304K, reserved 421888K
}
Event: 21.987 GC heap after
{Heap after GC invocations=20 (full 0):
 garbage-first heap   total 119808K, used 62472K [0x0000000080000000, 0x0000000100000000)
  region size 1024K, 4 young (4096K), 4 survivors (4096K)
 Metaspace       used 66821K, committed 68672K, reserved 487424K
  class space    used 9379K, committed 10304K, reserved 421888K
}
Event: 22.860 GC heap before
{Heap before GC invocations=21 (full 0):
 garbage-first heap   total 119808K, used 112648K [0x0000000080000000, 0x0000000100000000)
  region size 1024K, 47 young (48128K), 4 survivors (4096K)
 Metaspace       used 72486K, committed 74368K, reserved 487424K
  class space    used 10007K, committed 10944K, reserved 421888K
}
Event: 22.865 GC heap after
{Heap after GC invocations=22 (full 0):
 garbage-first heap   total 125952K, used 75486K [0x0000000080000000, 0x0000000100000000)
  region size 1024K, 6 young (6144K), 6 survivors (6144K)
 Metaspace       used 72486K, committed 74368K, reserved 487424K
  class space    used 10007K, committed 10944K, reserved 421888K
}
Event: 23.323 GC heap before
{Heap before GC invocations=22 (full 0):
 garbage-first heap   total 125952K, used 114398K [0x0000000080000000, 0x0000000100000000)
  region size 1024K, 42 young (43008K), 6 survivors (6144K)
 Metaspace       used 75131K, committed 77056K, reserved 552960K
  class space    used 10338K, committed 11264K, reserved 421888K
}
Event: 23.328 GC heap after
{Heap after GC invocations=23 (full 0):
 garbage-first heap   total 126976K, used 80036K [0x0000000080000000, 0x0000000100000000)
  region size 1024K, 5 young (5120K), 5 survivors (5120K)
 Metaspace       used 75131K, committed 77056K, reserved 552960K
  class space    used 10338K, committed 11264K, reserved 421888K
}
Event: 23.502 GC heap before
{Heap before GC invocations=23 (full 0):
 garbage-first heap   total 126976K, used 90276K [0x0000000080000000, 0x0000000100000000)
  region size 1024K, 16 young (16384K), 5 survivors (5120K)
 Metaspace       used 76415K, committed 78336K, reserved 552960K
  class space    used 10484K, committed 11392K, reserved 421888K
}
Event: 23.506 GC heap after
{Heap after GC invocations=24 (full 0):
 garbage-first heap   total 126976K, used 81273K [0x0000000080000000, 0x0000000100000000)
  region size 1024K, 2 young (2048K), 2 survivors (2048K)
 Metaspace       used 76415K, committed 78336K, reserved 552960K
  class space    used 10484K, committed 11392K, reserved 421888K
}

