# JRE version: OpenJDK Runtime Environment (11.0.15) (build 11.0.15+0-b2043.56-9505619)
# Java VM: OpenJDK 64-Bit Server VM (11.0.15+0-b2043.56-9505619, mixed mode, tiered, compressed oops, g1 gc, windows-amd64)
Heap:
 garbage-first heap   total 549888K, used 312768K [0x0000000080000000, 0x0000000100000000)
  region size 1024K, 4 young (4096K), 4 survivors (4096K)
 Metaspace       used 127785K, capacity 132189K, committed 132400K, reserved 630784K
  class space    used 16795K, capacity 18433K, committed 18456K, reserved 516096K
GC Heap History (20 events):
Event: 56.131 GC heap after
{Heap after GC invocations=50 (full 0):
 garbage-first heap   total 310272K, used 221945K [0x0000000080000000, 0x0000000100000000)
  region size 1024K, 2 young (2048K), 2 survivors (2048K)
 Metaspace       used 119745K, capacity 123634K, committed 123952K, reserved 624640K
  class space    used 15561K, capacity 17042K, committed 17176K, reserved 516096K
}
Event: 56.782 GC heap before
{Heap before GC invocations=51 (full 0):
 garbage-first heap   total 310272K, used 244473K [0x0000000080000000, 0x0000000100000000)
  region size 1024K, 24 young (24576K), 2 survivors (2048K)
 Metaspace       used 122121K, capacity 126106K, committed 126128K, reserved 626688K
  class space    used 16048K, capacity 17554K, committed 17560K, reserved 516096K
}
Event: 56.798 GC heap after
{Heap after GC invocations=52 (full 0):
 garbage-first heap   total 310272K, used 230209K [0x0000000080000000, 0x0000000100000000)
  region size 1024K, 3 young (3072K), 3 survivors (3072K)
 Metaspace       used 122121K, capacity 126106K, committed 126128K, reserved 626688K
  class space    used 16048K, capacity 17554K, committed 17560K, reserved 516096K
}
Event: 56.939 GC heap before
{Heap before GC invocations=52 (full 0):
 garbage-first heap   total 310272K, used 249665K [0x0000000080000000, 0x0000000100000000)
  region size 1024K, 23 young (23552K), 3 survivors (3072K)
 Metaspace       used 122250K, capacity 126247K, committed 126384K, reserved 626688K
  class space    used 16048K, capacity 17554K, committed 17560K, reserved 516096K
}
Event: 56.954 GC heap after
{Heap after GC invocations=53 (full 0):
 garbage-first heap   total 310272K, used 240494K [0x0000000080000000, 0x0000000100000000)
  region size 1024K, 3 young (3072K), 3 survivors (3072K)
 Metaspace       used 122250K, capacity 126247K, committed 126384K, reserved 626688K
  class space    used 16048K, capacity 17554K, committed 17560K, reserved 516096K
}
Event: 57.024 GC heap before
{Heap before GC invocations=53 (full 0):
 garbage-first heap   total 310272K, used 255854K [0x0000000080000000, 0x0000000100000000)
  region size 1024K, 19 young (19456K), 3 survivors (3072K)
 Metaspace       used 122277K, capacity 126247K, committed 126384K, reserved 626688K
  class space    used 16048K, capacity 17554K, committed 17560K, reserved 516096K
}
Event: 57.036 GC heap after
{Heap after GC invocations=54 (full 0):
 garbage-first heap   total 310272K, used 249039K [0x0000000080000000, 0x0000000100000000)
  region size 1024K, 3 young (3072K), 3 survivors (3072K)
 Metaspace       used 122277K, capacity 126247K, committed 126384K, reserved 626688K
  class space    used 16048K, capacity 17554K, committed 17560K, reserved 516096K
}
Event: 57.129 GC heap before
{Heap before GC invocations=54 (full 0):
 garbage-first heap   total 310272K, used 262351K [0x0000000080000000, 0x0000000100000000)
  region size 1024K, 16 young (16384K), 3 survivors (3072K)
 Metaspace       used 122297K, capacity 126253K, committed 126384K, reserved 626688K
  class space    used 16049K, capacity 17555K, committed 17560K, reserved 516096K
}
Event: 57.143 GC heap after
{Heap after GC invocations=55 (full 0):
 garbage-first heap   total 411648K, used 256200K [0x0000000080000000, 0x0000000100000000)
  region size 1024K, 2 young (2048K), 2 survivors (2048K)
 Metaspace       used 122297K, capacity 126253K, committed 126384K, reserved 626688K
  class space    used 16049K, capacity 17555K, committed 17560K, reserved 516096K
}
Event: 57.537 GC heap before
{Heap before GC invocations=55 (full 0):
 garbage-first heap   total 411648K, used 296136K [0x0000000080000000, 0x0000000100000000)
  region size 1024K, 41 young (41984K), 2 survivors (2048K)
 Metaspace       used 122276K, capacity 126219K, committed 126384K, reserved 626688K
  class space    used 16027K, capacity 17516K, committed 17560K, reserved 516096K
}
Event: 57.559 GC heap after
{Heap after GC invocations=56 (full 0):
 garbage-first heap   total 411648K, used 276480K [0x0000000080000000, 0x0000000100000000)
  region size 1024K, 6 young (6144K), 6 survivors (6144K)
 Metaspace       used 122276K, capacity 126219K, committed 126384K, reserved 626688K
  class space    used 16027K, capacity 17516K, committed 17560K, reserved 516096K
}
Event: 58.429 GC heap before
{Heap before GC invocations=57 (full 0):
 garbage-first heap   total 411648K, used 310272K [0x0000000080000000, 0x0000000100000000)
  region size 1024K, 40 young (40960K), 6 survivors (6144K)
 Metaspace       used 125429K, capacity 129564K, committed 129712K, reserved 628736K
  class space    used 16488K, capacity 18053K, committed 18072K, reserved 516096K
}
Event: 58.445 GC heap after
{Heap after GC invocations=58 (full 0):
 garbage-first heap   total 411648K, used 284050K [0x0000000080000000, 0x0000000100000000)
  region size 1024K, 5 young (5120K), 5 survivors (5120K)
 Metaspace       used 125429K, capacity 129564K, committed 129712K, reserved 628736K
  class space    used 16488K, capacity 18053K, committed 18072K, reserved 516096K
}
Event: 59.495 GC heap before
{Heap before GC invocations=58 (full 0):
 garbage-first heap   total 411648K, used 317842K [0x0000000080000000, 0x0000000100000000)
  region size 1024K, 39 young (39936K), 5 survivors (5120K)
 Metaspace       used 126563K, capacity 130877K, committed 130992K, reserved 630784K
  class space    used 16659K, capacity 18275K, committed 18328K, reserved 516096K
}
Event: 59.504 GC heap after
{Heap after GC invocations=59 (full 0):
 garbage-first heap   total 411648K, used 288877K [0x0000000080000000, 0x0000000100000000)
  region size 1024K, 5 young (5120K), 5 survivors (5120K)
 Metaspace       used 126563K, capacity 130877K, committed 130992K, reserved 630784K
  class space    used 16659K, capacity 18275K, committed 18328K, reserved 516096K
}
Event: 60.178 GC heap before
{Heap before GC invocations=59 (full 0):
 garbage-first heap   total 411648K, used 325741K [0x0000000080000000, 0x0000000100000000)
  region size 1024K, 40 young (40960K), 5 survivors (5120K)
 Metaspace       used 127195K, capacity 131561K, committed 131888K, reserved 630784K
  class space    used 16738K, capacity 18358K, committed 18456K, reserved 516096K
}
Event: 60.188 GC heap after
{Heap after GC invocations=60 (full 0):
 garbage-first heap   total 411648K, used 293314K [0x0000000080000000, 0x0000000100000000)
  region size 1024K, 4 young (4096K), 4 survivors (4096K)
 Metaspace       used 127195K, capacity 131561K, committed 131888K, reserved 630784K
  class space    used 16738K, capacity 18358K, committed 18456K, reserved 516096K
}
Event: 61.449 GC heap before
{Heap before GC invocations=60 (full 0):
 garbage-first heap   total 411648K, used 339394K [0x0000000080000000, 0x0000000100000000)
  region size 1024K, 40 young (40960K), 4 survivors (4096K)
 Metaspace       used 127455K, capacity 131856K, committed 132144K, reserved 630784K
  class space    used 16764K, capacity 18409K, committed 18456K, reserved 516096K
}
Event: 61.468 GC heap after
{Heap after GC invocations=61 (full 0):
 garbage-first heap   total 411648K, used 305014K [0x0000000080000000, 0x0000000100000000)
  region size 1024K, 4 young (4096K), 4 survivors (4096K)
 Metaspace       used 127455K, capacity 131856K, committed 132144K, reserved 630784K
  class space    used 16764K, capacity 18409K, committed 18456K, reserved 516096K
}
Event: 63.236 GC heap before
{Heap before GC invocations=61 (full 0):
 garbage-first heap   total 411648K, used 342902K [0x0000000080000000, 0x0000000100000000)
  region size 1024K, 38 young (38912K), 4 survivors (4096K)
 Metaspace       used 127785K, capacity 132189K, committed 132400K, reserved 630784K
  class space    used 16795K, capacity 18433K, committed 18456K, reserved 516096K
}

