# JRE version: Java(TM) SE Runtime Environment (20.0+36) (build 20+36-2344)
# Java VM: Java HotSpot(TM) 64-Bit Server VM (20+36-2344, mixed mode, sharing, tiered, compressed oops, compressed class ptrs, g1 gc, windows-amd64)
GC Precious Log:
 CardTable entry size: 512
 Card Set container configuration: InlinePtr #cards 5 size 8 Array Of Cards #cards 12 size 40 Howl #buckets 4 coarsen threshold 1843 Howl Bitmap #cards 512 size 80 coarsen threshold 460 Card regions per heap region 1 cards per card region 2048
 CPUs: 8 total, 8 available
 Memory: 16064M
 Large Page Support: Disabled
 NUMA Support: Disabled
 Compressed Oops: Enabled (32-bit)
 Heap Region Size: 1M
 Heap Min Capacity: 8M
 Heap Initial Capacity: 252M
 Heap Max Capacity: 2G
 Pre-touch: Disabled
 Parallel Workers: 8
 Concurrent Workers: 2
 Concurrent Refinement Workers: 8
 Periodic GC: Disabled
Heap:
 garbage-first heap   total 104448K, used 77264K [0x0000000080000000, 0x0000000100000000)
  region size 1024K, 22 young (22528K), 3 survivors (3072K)
 Metaspace       used 67764K, committed 69632K, reserved 487424K
  class space    used 9427K, committed 10304K, reserved 421888K
GC Heap History (20 events):
Event: 12.593 GC heap before
{Heap before GC invocations=8 (full 0):
 garbage-first heap   total 81920K, used 67288K [0x0000000080000000, 0x0000000100000000)
  region size 1024K, 38 young (38912K), 5 survivors (5120K)
 Metaspace       used 37997K, committed 39360K, reserved 487424K
  class space    used 5296K, committed 5952K, reserved 421888K
}
Event: 12.597 GC heap after
{Heap after GC invocations=9 (full 0):
 garbage-first heap   total 81920K, used 35406K [0x0000000080000000, 0x0000000100000000)
  region size 1024K, 3 young (3072K), 3 survivors (3072K)
 Metaspace       used 37997K, committed 39360K, reserved 487424K
  class space    used 5296K, committed 5952K, reserved 421888K
}
Event: 13.392 GC heap before
{Heap before GC invocations=9 (full 0):
 garbage-first heap   total 81920K, used 69198K [0x0000000080000000, 0x0000000100000000)
  region size 1024K, 36 young (36864K), 3 survivors (3072K)
 Metaspace       used 42510K, committed 43968K, reserved 487424K
  class space    used 5991K, committed 6720K, reserved 421888K
}
Event: 13.397 GC heap after
{Heap after GC invocations=10 (full 0):
 garbage-first heap   total 81920K, used 37168K [0x0000000080000000, 0x0000000100000000)
  region size 1024K, 5 young (5120K), 5 survivors (5120K)
 Metaspace       used 42510K, committed 43968K, reserved 487424K
  class space    used 5991K, committed 6720K, reserved 421888K
}
Event: 14.803 GC heap before
{Heap before GC invocations=10 (full 0):
 garbage-first heap   total 81920K, used 69936K [0x0000000080000000, 0x0000000100000000)
  region size 1024K, 38 young (38912K), 5 survivors (5120K)
 Metaspace       used 50097K, committed 51648K, reserved 487424K
  class space    used 6929K, committed 7680K, reserved 421888K
}
Event: 14.808 GC heap after
{Heap after GC invocations=11 (full 0):
 garbage-first heap   total 81920K, used 40301K [0x0000000080000000, 0x0000000100000000)
  region size 1024K, 5 young (5120K), 5 survivors (5120K)
 Metaspace       used 50097K, committed 51648K, reserved 487424K
  class space    used 6929K, committed 7680K, reserved 421888K
}
Event: 14.925 GC heap before
{Heap before GC invocations=11 (full 0):
 garbage-first heap   total 81920K, used 45421K [0x0000000080000000, 0x0000000100000000)
  region size 1024K, 11 young (11264K), 5 survivors (5120K)
 Metaspace       used 50283K, committed 51776K, reserved 487424K
  class space    used 6947K, committed 7680K, reserved 421888K
}
Event: 14.929 GC heap after
{Heap after GC invocations=12 (full 0):
 garbage-first heap   total 81920K, used 43625K [0x0000000080000000, 0x0000000100000000)
  region size 1024K, 2 young (2048K), 2 survivors (2048K)
 Metaspace       used 50283K, committed 51776K, reserved 487424K
  class space    used 6947K, committed 7680K, reserved 421888K
}
Event: 15.531 GC heap before
{Heap before GC invocations=13 (full 0):
 garbage-first heap   total 81920K, used 73321K [0x0000000080000000, 0x0000000100000000)
  region size 1024K, 28 young (28672K), 2 survivors (2048K)
 Metaspace       used 54388K, committed 56064K, reserved 487424K
  class space    used 7521K, committed 8320K, reserved 421888K
}
Event: 15.534 GC heap after
{Heap after GC invocations=14 (full 0):
 garbage-first heap   total 81920K, used 49564K [0x0000000080000000, 0x0000000100000000)
  region size 1024K, 4 young (4096K), 4 survivors (4096K)
 Metaspace       used 54388K, committed 56064K, reserved 487424K
  class space    used 7521K, committed 8320K, reserved 421888K
}
Event: 15.930 GC heap before
{Heap before GC invocations=14 (full 0):
 garbage-first heap   total 81920K, used 72092K [0x0000000080000000, 0x0000000100000000)
  region size 1024K, 26 young (26624K), 4 survivors (4096K)
 Metaspace       used 57042K, committed 58752K, reserved 487424K
  class space    used 7922K, committed 8768K, reserved 421888K
}
Event: 15.934 GC heap after
{Heap after GC invocations=15 (full 0):
 garbage-first heap   total 81920K, used 50699K [0x0000000080000000, 0x0000000100000000)
  region size 1024K, 2 young (2048K), 2 survivors (2048K)
 Metaspace       used 57042K, committed 58752K, reserved 487424K
  class space    used 7922K, committed 8768K, reserved 421888K
}
Event: 16.412 GC heap before
{Heap before GC invocations=15 (full 0):
 garbage-first heap   total 81920K, used 72203K [0x0000000080000000, 0x0000000100000000)
  region size 1024K, 24 young (24576K), 2 survivors (2048K)
 Metaspace       used 60014K, committed 61760K, reserved 487424K
  class space    used 8352K, committed 9216K, reserved 421888K
}
Event: 16.414 GC heap after
{Heap after GC invocations=16 (full 0):
 garbage-first heap   total 81920K, used 51610K [0x0000000080000000, 0x0000000100000000)
  region size 1024K, 3 young (3072K), 3 survivors (3072K)
 Metaspace       used 60014K, committed 61760K, reserved 487424K
  class space    used 8352K, committed 9216K, reserved 421888K
}
Event: 16.820 GC heap before
{Heap before GC invocations=17 (full 0):
 garbage-first heap   total 92160K, used 71066K [0x0000000080000000, 0x0000000100000000)
  region size 1024K, 23 young (23552K), 3 survivors (3072K)
 Metaspace       used 61984K, committed 63744K, reserved 487424K
  class space    used 8582K, committed 9408K, reserved 421888K
}
Event: 16.823 GC heap after
{Heap after GC invocations=18 (full 0):
 garbage-first heap   total 92160K, used 54202K [0x0000000080000000, 0x0000000100000000)
  region size 1024K, 3 young (3072K), 3 survivors (3072K)
 Metaspace       used 61984K, committed 63744K, reserved 487424K
  class space    used 8582K, committed 9408K, reserved 421888K
}
Event: 17.385 GC heap before
{Heap before GC invocations=18 (full 0):
 garbage-first heap   total 92160K, used 81850K [0x0000000080000000, 0x0000000100000000)
  region size 1024K, 30 young (30720K), 3 survivors (3072K)
 Metaspace       used 64123K, committed 65856K, reserved 487424K
  class space    used 8878K, committed 9728K, reserved 421888K
}
Event: 17.389 GC heap after
{Heap after GC invocations=19 (full 0):
 garbage-first heap   total 92160K, used 55728K [0x0000000080000000, 0x0000000100000000)
  region size 1024K, 4 young (4096K), 4 survivors (4096K)
 Metaspace       used 64123K, committed 65856K, reserved 487424K
  class space    used 8878K, committed 9728K, reserved 421888K
}
Event: 18.057 GC heap before
{Heap before GC invocations=19 (full 0):
 garbage-first heap   total 92160K, used 82352K [0x0000000080000000, 0x0000000100000000)
  region size 1024K, 30 young (30720K), 4 survivors (4096K)
 Metaspace       used 66090K, committed 67840K, reserved 487424K
  class space    used 9155K, committed 9984K, reserved 421888K
}
Event: 18.061 GC heap after
{Heap after GC invocations=20 (full 0):
 garbage-first heap   total 92160K, used 58832K [0x0000000080000000, 0x0000000100000000)
  region size 1024K, 3 young (3072K), 3 survivors (3072K)
 Metaspace       used 66090K, committed 67840K, reserved 487424K
  class space    used 9155K, committed 9984K, reserved 421888K
}

