# JRE version: Java(TM) SE Runtime Environment (20.0+36) (build 20+36-2344)
# Java VM: Java HotSpot(TM) 64-Bit Server VM (20+36-2344, mixed mode, sharing, tiered, compressed oops, compressed class ptrs, g1 gc, windows-amd64)
GC Precious Log:
 CardTable entry size: 512
 Card Set container configuration: InlinePtr #cards 5 size 8 Array Of Cards #cards 12 size 40 Howl #buckets 4 coarsen threshold 1843 Howl Bitmap #cards 512 size 80 coarsen threshold 460 Card regions per heap region 1 cards per card region 2048
 CPUs: 8 total, 8 available
 Memory: 16064M
 Large Page Support: Disabled
 NUMA Support: Disabled
 Compressed Oops: Enabled (32-bit)
 Heap Region Size: 1M
 Heap Min Capacity: 8M
 Heap Initial Capacity: 252M
 Heap Max Capacity: 2G
 Pre-touch: Disabled
 Parallel Workers: 8
 Concurrent Workers: 2
 Concurrent Refinement Workers: 8
 Periodic GC: Disabled
Heap:
 garbage-first heap   total 199680K, used 129024K [0x0000000080000000, 0x0000000100000000)
  region size 1024K, 8 young (8192K), 4 survivors (4096K)
 Metaspace       used 86760K, committed 88960K, reserved 552960K
  class space    used 12055K, committed 13120K, reserved 421888K
GC Heap History (20 events):
Event: 18.118 GC heap before
{Heap before GC invocations=17 (full 0):
 garbage-first heap   total 116736K, used 106930K [0x0000000080000000, 0x0000000100000000)
  region size 1024K, 47 young (48128K), 6 survivors (6144K)
 Metaspace       used 69465K, committed 71296K, reserved 487424K
  class space    used 9590K, committed 10496K, reserved 421888K
}
Event: 18.127 GC heap after
{Heap after GC invocations=18 (full 0):
 garbage-first heap   total 119808K, used 70415K [0x0000000080000000, 0x0000000100000000)
  region size 1024K, 6 young (6144K), 6 survivors (6144K)
 Metaspace       used 69465K, committed 71296K, reserved 487424K
  class space    used 9590K, committed 10496K, reserved 421888K
}
Event: 18.651 GC heap before
{Heap before GC invocations=18 (full 0):
 garbage-first heap   total 119808K, used 111375K [0x0000000080000000, 0x0000000100000000)
  region size 1024K, 41 young (41984K), 6 survivors (6144K)
 Metaspace       used 71762K, committed 73536K, reserved 487424K
  class space    used 9881K, committed 10752K, reserved 421888K
}
Event: 18.657 GC heap after
{Heap after GC invocations=19 (full 0):
 garbage-first heap   total 125952K, used 74245K [0x0000000080000000, 0x0000000100000000)
  region size 1024K, 6 young (6144K), 6 survivors (6144K)
 Metaspace       used 71762K, committed 73536K, reserved 487424K
  class space    used 9881K, committed 10752K, reserved 421888K
}
Event: 18.869 GC heap before
{Heap before GC invocations=19 (full 0):
 garbage-first heap   total 125952K, used 89605K [0x0000000080000000, 0x0000000100000000)
  region size 1024K, 22 young (22528K), 6 survivors (6144K)
 Metaspace       used 73424K, committed 75328K, reserved 487424K
  class space    used 10070K, committed 11008K, reserved 421888K
}
Event: 18.873 GC heap after
{Heap after GC invocations=20 (full 0):
 garbage-first heap   total 125952K, used 75537K [0x0000000080000000, 0x0000000100000000)
  region size 1024K, 2 young (2048K), 2 survivors (2048K)
 Metaspace       used 73424K, committed 75328K, reserved 487424K
  class space    used 10070K, committed 11008K, reserved 421888K
}
Event: 19.365 GC heap before
{Heap before GC invocations=21 (full 0):
 garbage-first heap   total 133120K, used 112401K [0x0000000080000000, 0x0000000100000000)
  region size 1024K, 37 young (37888K), 2 survivors (2048K)
 Metaspace       used 74591K, committed 76480K, reserved 487424K
  class space    used 10262K, committed 11200K, reserved 421888K
}
Event: 19.369 GC heap after
{Heap after GC invocations=22 (full 0):
 garbage-first heap   total 133120K, used 78018K [0x0000000080000000, 0x0000000100000000)
  region size 1024K, 4 young (4096K), 4 survivors (4096K)
 Metaspace       used 74591K, committed 76480K, reserved 487424K
  class space    used 10262K, committed 11200K, reserved 421888K
}
Event: 23.401 GC heap before
{Heap before GC invocations=22 (full 0):
 garbage-first heap   total 133120K, used 117954K [0x0000000080000000, 0x0000000100000000)
  region size 1024K, 43 young (44032K), 4 survivors (4096K)
 Metaspace       used 77174K, committed 79168K, reserved 552960K
  class space    used 10647K, committed 11648K, reserved 421888K
}
Event: 23.407 GC heap after
{Heap after GC invocations=23 (full 0):
 garbage-first heap   total 133120K, used 80202K [0x0000000080000000, 0x0000000100000000)
  region size 1024K, 6 young (6144K), 6 survivors (6144K)
 Metaspace       used 77174K, committed 79168K, reserved 552960K
  class space    used 10647K, committed 11648K, reserved 421888K
}
Event: 23.994 GC heap before
{Heap before GC invocations=23 (full 0):
 garbage-first heap   total 133120K, used 119114K [0x0000000080000000, 0x0000000100000000)
  region size 1024K, 44 young (45056K), 6 survivors (6144K)
 Metaspace       used 81187K, committed 83200K, reserved 552960K
  class space    used 11359K, committed 12352K, reserved 421888K
}
Event: 24.001 GC heap after
{Heap after GC invocations=24 (full 0):
 garbage-first heap   total 133120K, used 83766K [0x0000000080000000, 0x0000000100000000)
  region size 1024K, 4 young (4096K), 4 survivors (4096K)
 Metaspace       used 81187K, committed 83200K, reserved 552960K
  class space    used 11359K, committed 12352K, reserved 421888K
}
Event: 24.712 GC heap before
{Heap before GC invocations=25 (full 0):
 garbage-first heap   total 145408K, used 123702K [0x0000000080000000, 0x0000000100000000)
  region size 1024K, 39 young (39936K), 4 survivors (4096K)
 Metaspace       used 82510K, committed 84480K, reserved 552960K
  class space    used 11557K, committed 12544K, reserved 421888K
}
Event: 24.718 GC heap after
{Heap after GC invocations=26 (full 0):
 garbage-first heap   total 145408K, used 97280K [0x0000000080000000, 0x0000000100000000)
  region size 1024K, 5 young (5120K), 5 survivors (5120K)
 Metaspace       used 82510K, committed 84480K, reserved 552960K
  class space    used 11557K, committed 12544K, reserved 421888K
}
Event: 25.263 GC heap before
{Heap before GC invocations=26 (full 0):
 garbage-first heap   total 145408K, used 134144K [0x0000000080000000, 0x0000000100000000)
  region size 1024K, 38 young (38912K), 5 survivors (5120K)
 Metaspace       used 84426K, committed 86592K, reserved 552960K
  class space    used 11787K, committed 12864K, reserved 421888K
}
Event: 25.270 GC heap after
{Heap after GC invocations=27 (full 0):
 garbage-first heap   total 149504K, used 107302K [0x0000000080000000, 0x0000000100000000)
  region size 1024K, 5 young (5120K), 5 survivors (5120K)
 Metaspace       used 84426K, committed 86592K, reserved 552960K
  class space    used 11787K, committed 12864K, reserved 421888K
}
Event: 25.696 GC heap before
{Heap before GC invocations=27 (full 0):
 garbage-first heap   total 149504K, used 133926K [0x0000000080000000, 0x0000000100000000)
  region size 1024K, 32 young (32768K), 5 survivors (5120K)
 Metaspace       used 85244K, committed 87360K, reserved 552960K
  class space    used 11873K, committed 12928K, reserved 421888K
}
Event: 25.703 GC heap after
{Heap after GC invocations=28 (full 0):
 garbage-first heap   total 149504K, used 111427K [0x0000000080000000, 0x0000000100000000)
  region size 1024K, 4 young (4096K), 4 survivors (4096K)
 Metaspace       used 85244K, committed 87360K, reserved 552960K
  class space    used 11873K, committed 12928K, reserved 421888K
}
Event: 26.121 GC heap before
{Heap before GC invocations=29 (full 0):
 garbage-first heap   total 199680K, used 140099K [0x0000000080000000, 0x0000000100000000)
  region size 1024K, 26 young (26624K), 4 survivors (4096K)
 Metaspace       used 86605K, committed 88832K, reserved 552960K
  class space    used 12036K, committed 13120K, reserved 421888K
}
Event: 26.125 GC heap after
{Heap after GC invocations=30 (full 0):
 garbage-first heap   total 199680K, used 125952K [0x0000000080000000, 0x0000000100000000)
  region size 1024K, 4 young (4096K), 4 survivors (4096K)
 Metaspace       used 86605K, committed 88832K, reserved 552960K
  class space    used 12036K, committed 13120K, reserved 421888K
}

