# JRE version: OpenJDK Runtime Environment (11.0.15) (build 11.0.15+0-b2043.56-9505619)
# Java VM: OpenJDK 64-Bit Server VM (11.0.15+0-b2043.56-9505619, mixed mode, tiered, compressed oops, g1 gc, windows-amd64)
Heap:
 garbage-first heap   total 258048K, used 175443K [0x0000000080000000, 0x0000000100000000)
  region size 1024K, 5 young (5120K), 4 survivors (4096K)
 Metaspace       used 115841K, capacity 119812K, committed 120144K, reserved 620544K
  class space    used 15075K, capacity 16532K, committed 16664K, reserved 516096K
GC Heap History (20 events):
Event: 30.948 GC heap before
{Heap before GC invocations=22 (full 0):
 garbage-first heap   total 258048K, used 192465K [0x0000000080000000, 0x0000000100000000)
  region size 1024K, 46 young (47104K), 5 survivors (5120K)
 Metaspace       used 110207K, capacity 114176K, committed 114384K, reserved 616448K
  class space    used 14522K, capacity 15994K, committed 16024K, reserved 516096K
}
Event: 30.953 GC heap after
{Heap after GC invocations=23 (full 0):
 garbage-first heap   total 258048K, used 151753K [0x0000000080000000, 0x0000000100000000)
  region size 1024K, 5 young (5120K), 5 survivors (5120K)
 Metaspace       used 110207K, capacity 114176K, committed 114384K, reserved 616448K
  class space    used 14522K, capacity 15994K, committed 16024K, reserved 516096K
}
Event: 31.546 GC heap before
{Heap before GC invocations=24 (full 0):
 garbage-first heap   total 258048K, used 200905K [0x0000000080000000, 0x0000000100000000)
  region size 1024K, 51 young (52224K), 5 survivors (5120K)
 Metaspace       used 110224K, capacity 114012K, committed 114640K, reserved 616448K
  class space    used 14460K, capacity 15863K, committed 16024K, reserved 516096K
}
Event: 31.553 GC heap after
{Heap after GC invocations=25 (full 0):
 garbage-first heap   total 258048K, used 154279K [0x0000000080000000, 0x0000000100000000)
  region size 1024K, 8 young (8192K), 8 survivors (8192K)
 Metaspace       used 110224K, capacity 114012K, committed 114640K, reserved 616448K
  class space    used 14460K, capacity 15863K, committed 16024K, reserved 516096K
}
Event: 32.074 GC heap before
{Heap before GC invocations=26 (full 0):
 garbage-first heap   total 258048K, used 181927K [0x0000000080000000, 0x0000000100000000)
  region size 1024K, 33 young (33792K), 8 survivors (8192K)
 Metaspace       used 110483K, capacity 114243K, committed 114640K, reserved 616448K
  class space    used 14475K, capacity 15883K, committed 16024K, reserved 516096K
}
Event: 32.083 GC heap after
{Heap after GC invocations=27 (full 0):
 garbage-first heap   total 258048K, used 156133K [0x0000000080000000, 0x0000000100000000)
  region size 1024K, 3 young (3072K), 3 survivors (3072K)
 Metaspace       used 110483K, capacity 114243K, committed 114640K, reserved 616448K
  class space    used 14475K, capacity 15883K, committed 16024K, reserved 516096K
}
Event: 32.464 GC heap before
{Heap before GC invocations=28 (full 0):
 garbage-first heap   total 258048K, used 171493K [0x0000000080000000, 0x0000000100000000)
  region size 1024K, 16 young (16384K), 3 survivors (3072K)
 Metaspace       used 110532K, capacity 114316K, committed 114640K, reserved 616448K
  class space    used 14476K, capacity 15883K, committed 16024K, reserved 516096K
}
Event: 32.470 GC heap after
{Heap after GC invocations=29 (full 0):
 garbage-first heap   total 258048K, used 157021K [0x0000000080000000, 0x0000000100000000)
  region size 1024K, 4 young (4096K), 4 survivors (4096K)
 Metaspace       used 110532K, capacity 114316K, committed 114640K, reserved 616448K
  class space    used 14476K, capacity 15883K, committed 16024K, reserved 516096K
}
Event: 32.935 GC heap before
{Heap before GC invocations=30 (full 0):
 garbage-first heap   total 258048K, used 200029K [0x0000000080000000, 0x0000000100000000)
  region size 1024K, 40 young (40960K), 4 survivors (4096K)
 Metaspace       used 110755K, capacity 114544K, committed 114896K, reserved 616448K
  class space    used 14491K, capacity 15899K, committed 16024K, reserved 516096K
}
Event: 32.944 GC heap after
{Heap after GC invocations=31 (full 0):
 garbage-first heap   total 258048K, used 161174K [0x0000000080000000, 0x0000000100000000)
  region size 1024K, 6 young (6144K), 6 survivors (6144K)
 Metaspace       used 110755K, capacity 114544K, committed 114896K, reserved 616448K
  class space    used 14491K, capacity 15899K, committed 16024K, reserved 516096K
}
Event: 33.381 GC heap before
{Heap before GC invocations=32 (full 0):
 garbage-first heap   total 258048K, used 208278K [0x0000000080000000, 0x0000000100000000)
  region size 1024K, 49 young (50176K), 6 survivors (6144K)
 Metaspace       used 111945K, capacity 115838K, committed 116048K, reserved 616448K
  class space    used 14577K, capacity 16015K, committed 16152K, reserved 516096K
}
Event: 33.390 GC heap after
{Heap after GC invocations=33 (full 0):
 garbage-first heap   total 258048K, used 164603K [0x0000000080000000, 0x0000000100000000)
  region size 1024K, 6 young (6144K), 6 survivors (6144K)
 Metaspace       used 111945K, capacity 115838K, committed 116048K, reserved 616448K
  class space    used 14577K, capacity 16015K, committed 16152K, reserved 516096K
}
Event: 33.438 GC heap before
{Heap before GC invocations=33 (full 0):
 garbage-first heap   total 258048K, used 169723K [0x0000000080000000, 0x0000000100000000)
  region size 1024K, 12 young (12288K), 6 survivors (6144K)
 Metaspace       used 111991K, capacity 115904K, committed 116048K, reserved 616448K
  class space    used 14577K, capacity 16015K, committed 16152K, reserved 516096K
}
Event: 33.444 GC heap after
{Heap after GC invocations=34 (full 0):
 garbage-first heap   total 258048K, used 164829K [0x0000000080000000, 0x0000000100000000)
  region size 1024K, 2 young (2048K), 2 survivors (2048K)
 Metaspace       used 111991K, capacity 115904K, committed 116048K, reserved 616448K
  class space    used 14577K, capacity 16015K, committed 16152K, reserved 516096K
}
Event: 34.185 GC heap before
{Heap before GC invocations=34 (full 0):
 garbage-first heap   total 258048K, used 206813K [0x0000000080000000, 0x0000000100000000)
  region size 1024K, 44 young (45056K), 2 survivors (2048K)
 Metaspace       used 113743K, capacity 117692K, committed 117968K, reserved 618496K
  class space    used 14777K, capacity 16208K, committed 16280K, reserved 516096K
}
Event: 34.193 GC heap after
{Heap after GC invocations=35 (full 0):
 garbage-first heap   total 258048K, used 169206K [0x0000000080000000, 0x0000000100000000)
  region size 1024K, 6 young (6144K), 6 survivors (6144K)
 Metaspace       used 113743K, capacity 117692K, committed 117968K, reserved 618496K
  class space    used 14777K, capacity 16208K, committed 16280K, reserved 516096K
}
Event: 35.049 GC heap before
{Heap before GC invocations=36 (full 0):
 garbage-first heap   total 258048K, used 210166K [0x0000000080000000, 0x0000000100000000)
  region size 1024K, 47 young (48128K), 6 survivors (6144K)
 Metaspace       used 115343K, capacity 119320K, committed 119504K, reserved 620544K
  class space    used 14991K, capacity 16434K, committed 16536K, reserved 516096K
}
Event: 35.058 GC heap after
{Heap after GC invocations=37 (full 0):
 garbage-first heap   total 258048K, used 172735K [0x0000000080000000, 0x0000000100000000)
  region size 1024K, 4 young (4096K), 4 survivors (4096K)
 Metaspace       used 115343K, capacity 119320K, committed 119504K, reserved 620544K
  class space    used 14991K, capacity 16434K, committed 16536K, reserved 516096K
}
Event: 35.183 GC heap before
{Heap before GC invocations=37 (full 0):
 garbage-first heap   total 258048K, used 185023K [0x0000000080000000, 0x0000000100000000)
  region size 1024K, 12 young (12288K), 4 survivors (4096K)
 Metaspace       used 115428K, capacity 119388K, committed 119504K, reserved 620544K
  class space    used 15004K, capacity 16435K, committed 16536K, reserved 516096K
}
Event: 35.189 GC heap after
{Heap after GC invocations=38 (full 0):
 garbage-first heap   total 258048K, used 172714K [0x0000000080000000, 0x0000000100000000)
  region size 1024K, 2 young (2048K), 2 survivors (2048K)
 Metaspace       used 115428K, capacity 119388K, committed 119504K, reserved 620544K
  class space    used 15004K, capacity 16435K, committed 16536K, reserved 516096K
}

