# JRE version: OpenJDK Runtime Environment (11.0.15) (build 11.0.15+0-b2043.56-9505619)
# Java VM: OpenJDK 64-Bit Server VM (11.0.15+0-b2043.56-9505619, mixed mode, tiered, compressed oops, g1 gc, windows-amd64)
Heap:
 garbage-first heap   total 258048K, used 193947K [0x0000000080000000, 0x0000000100000000)
  region size 1024K, 6 young (6144K), 4 survivors (4096K)
 Metaspace       used 137770K, capacity 142599K, committed 142672K, reserved 638976K
  class space    used 18151K, capacity 19937K, committed 19992K, reserved 516096K
GC Heap History (20 events):
Event: 58.523 GC heap before
{Heap before GC invocations=31 (full 0):
 garbage-first heap   total 258048K, used 215505K [0x0000000080000000, 0x0000000100000000)
  region size 1024K, 54 young (55296K), 5 survivors (5120K)
 Metaspace       used 113249K, capacity 117144K, committed 117456K, reserved 618496K
  class space    used 14763K, capacity 16196K, committed 16280K, reserved 516096K
}
Event: 58.529 GC heap after
{Heap after GC invocations=32 (full 0):
 garbage-first heap   total 258048K, used 164786K [0x0000000080000000, 0x0000000100000000)
  region size 1024K, 6 young (6144K), 6 survivors (6144K)
 Metaspace       used 113249K, capacity 117144K, committed 117456K, reserved 618496K
  class space    used 14763K, capacity 16196K, committed 16280K, reserved 516096K
}
Event: 58.789 GC heap before
{Heap before GC invocations=32 (full 0):
 garbage-first heap   total 258048K, used 169906K [0x0000000080000000, 0x0000000100000000)
  region size 1024K, 12 young (12288K), 6 survivors (6144K)
 Metaspace       used 114246K, capacity 118190K, committed 118352K, reserved 618496K
  class space    used 14873K, capacity 16307K, committed 16408K, reserved 516096K
}
Event: 58.796 GC heap after
{Heap after GC invocations=33 (full 0):
 garbage-first heap   total 258048K, used 163019K [0x0000000080000000, 0x0000000100000000)
  region size 1024K, 2 young (2048K), 2 survivors (2048K)
 Metaspace       used 114246K, capacity 118190K, committed 118352K, reserved 618496K
  class space    used 14873K, capacity 16307K, committed 16408K, reserved 516096K
}
Event: 60.229 GC heap before
{Heap before GC invocations=33 (full 0):
 garbage-first heap   total 258048K, used 214219K [0x0000000080000000, 0x0000000100000000)
  region size 1024K, 51 young (52224K), 2 survivors (2048K)
 Metaspace       used 120216K, capacity 124317K, committed 124496K, reserved 624640K
  class space    used 15595K, capacity 17093K, committed 17176K, reserved 516096K
}
Event: 60.237 GC heap after
{Heap after GC invocations=34 (full 0):
 garbage-first heap   total 258048K, used 169459K [0x0000000080000000, 0x0000000100000000)
  region size 1024K, 6 young (6144K), 6 survivors (6144K)
 Metaspace       used 120216K, capacity 124317K, committed 124496K, reserved 624640K
  class space    used 15595K, capacity 17093K, committed 17176K, reserved 516096K
}
Event: 61.109 GC heap before
{Heap before GC invocations=35 (full 0):
 garbage-first heap   total 258048K, used 214515K [0x0000000080000000, 0x0000000100000000)
  region size 1024K, 51 young (52224K), 6 survivors (6144K)
 Metaspace       used 121901K, capacity 126115K, committed 126288K, reserved 626688K
  class space    used 15816K, capacity 17341K, committed 17432K, reserved 516096K
}
Event: 61.118 GC heap after
{Heap after GC invocations=36 (full 0):
 garbage-first heap   total 258048K, used 174436K [0x0000000080000000, 0x0000000100000000)
  region size 1024K, 6 young (6144K), 6 survivors (6144K)
 Metaspace       used 121901K, capacity 126115K, committed 126288K, reserved 626688K
  class space    used 15816K, capacity 17341K, committed 17432K, reserved 516096K
}
Event: 62.015 GC heap before
{Heap before GC invocations=36 (full 0):
 garbage-first heap   total 258048K, used 215396K [0x0000000080000000, 0x0000000100000000)
  region size 1024K, 47 young (48128K), 6 survivors (6144K)
 Metaspace       used 123372K, capacity 127568K, committed 127696K, reserved 626688K
  class space    used 16026K, capacity 17529K, committed 17560K, reserved 516096K
}
Event: 62.022 GC heap after
{Heap after GC invocations=37 (full 0):
 garbage-first heap   total 258048K, used 178129K [0x0000000080000000, 0x0000000100000000)
  region size 1024K, 4 young (4096K), 4 survivors (4096K)
 Metaspace       used 123372K, capacity 127568K, committed 127696K, reserved 626688K
  class space    used 16026K, capacity 17529K, committed 17560K, reserved 516096K
}
Event: 62.624 GC heap before
{Heap before GC invocations=37 (full 0):
 garbage-first heap   total 258048K, used 221137K [0x0000000080000000, 0x0000000100000000)
  region size 1024K, 43 young (44032K), 4 survivors (4096K)
 Metaspace       used 124175K, capacity 128408K, committed 128592K, reserved 628736K
  class space    used 16139K, capacity 17647K, committed 17688K, reserved 516096K
}
Event: 62.629 GC heap after
{Heap after GC invocations=38 (full 0):
 garbage-first heap   total 258048K, used 181425K [0x0000000080000000, 0x0000000100000000)
  region size 1024K, 4 young (4096K), 4 survivors (4096K)
 Metaspace       used 124175K, capacity 128408K, committed 128592K, reserved 628736K
  class space    used 16139K, capacity 17647K, committed 17688K, reserved 516096K
}
Event: 62.844 GC heap before
{Heap before GC invocations=38 (full 0):
 garbage-first heap   total 258048K, used 222385K [0x0000000080000000, 0x0000000100000000)
  region size 1024K, 41 young (41984K), 4 survivors (4096K)
 Metaspace       used 124202K, capacity 128409K, committed 128592K, reserved 628736K
  class space    used 16140K, capacity 17647K, committed 17688K, reserved 516096K
}
Event: 62.849 GC heap after
{Heap after GC invocations=39 (full 0):
 garbage-first heap   total 258048K, used 184078K [0x0000000080000000, 0x0000000100000000)
  region size 1024K, 4 young (4096K), 4 survivors (4096K)
 Metaspace       used 124202K, capacity 128409K, committed 128592K, reserved 628736K
  class space    used 16140K, capacity 17647K, committed 17688K, reserved 516096K
}
Event: 63.074 GC heap before
{Heap before GC invocations=39 (full 0):
 garbage-first heap   total 258048K, used 226062K [0x0000000080000000, 0x0000000100000000)
  region size 1024K, 40 young (40960K), 4 survivors (4096K)
 Metaspace       used 124585K, capacity 128819K, committed 128976K, reserved 628736K
  class space    used 16200K, capacity 17694K, committed 17816K, reserved 516096K
}
Event: 63.081 GC heap after
{Heap after GC invocations=40 (full 0):
 garbage-first heap   total 258048K, used 188745K [0x0000000080000000, 0x0000000100000000)
  region size 1024K, 5 young (5120K), 5 survivors (5120K)
 Metaspace       used 124585K, capacity 128819K, committed 128976K, reserved 628736K
  class space    used 16200K, capacity 17694K, committed 17816K, reserved 516096K
}
Event: 63.871 GC heap before
{Heap before GC invocations=40 (full 0):
 garbage-first heap   total 258048K, used 219465K [0x0000000080000000, 0x0000000100000000)
  region size 1024K, 36 young (36864K), 5 survivors (5120K)
 Metaspace       used 128914K, capacity 133208K, committed 133456K, reserved 632832K
  class space    used 16797K, capacity 18329K, committed 18456K, reserved 516096K
}
Event: 63.879 GC heap after
{Heap after GC invocations=41 (full 0):
 garbage-first heap   total 258048K, used 191526K [0x0000000080000000, 0x0000000100000000)
  region size 1024K, 3 young (3072K), 3 survivors (3072K)
 Metaspace       used 128914K, capacity 133208K, committed 133456K, reserved 632832K
  class space    used 16797K, capacity 18329K, committed 18456K, reserved 516096K
}
Event: 65.024 GC heap before
{Heap before GC invocations=41 (full 0):
 garbage-first heap   total 258048K, used 221222K [0x0000000080000000, 0x0000000100000000)
  region size 1024K, 32 young (32768K), 3 survivors (3072K)
 Metaspace       used 134402K, capacity 138871K, committed 138960K, reserved 636928K
  class space    used 17647K, capacity 19273K, committed 19352K, reserved 516096K
}
Event: 65.030 GC heap after
{Heap after GC invocations=42 (full 0):
 garbage-first heap   total 258048K, used 193651K [0x0000000080000000, 0x0000000100000000)
  region size 1024K, 2 young (2048K), 2 survivors (2048K)
 Metaspace       used 134402K, capacity 138871K, committed 138960K, reserved 636928K
  class space    used 17647K, capacity 19273K, committed 19352K, reserved 516096K
}

