{"C:\\Users\\mdaahmed\\Desktop\\Capstone\\PokemonApps\\src\\components\\atom\\badge\\BadgeButton.jsx": {"path":"C:\\Users\\mdaahmed\\Desktop\\Capstone\\PokemonApps\\src\\components\\atom\\badge\\BadgeButton.jsx","statementMap":{"0":{"start":{"line":6,"column":20},"end":{"line":27,"column":1}},"1":{"start":{"line":7,"column":48},"end":{"line":7,"column":67}},"2":{"start":{"line":8,"column":2},"end":{"line":10,"column":9}},"3":{"start":{"line":9,"column":4},"end":{"line":9,"column":46}},"4":{"start":{"line":12,"column":2},"end":{"line":26,"column":4}}},"fnMap":{"0":{"name":"(anonymous_0)","decl":{"start":{"line":6,"column":20},"end":{"line":6,"column":21}},"loc":{"start":{"line":6,"column":46},"end":{"line":27,"column":1}},"line":6},"1":{"name":"(anonymous_1)","decl":{"start":{"line":8,"column":12},"end":{"line":8,"column":13}},"loc":{"start":{"line":8,"column":18},"end":{"line":10,"column":3}},"line":8}},"branchMap":{},"s":{"0":1,"1":4,"2":4,"3":2,"4":4},"f":{"0":4,"1":2},"b":{},"_coverageSchema":"1a1c01bbd47fc00a2c39e90264f33305004495a9","hash":"8779f7551bc6683a5309f3476f52868506feb808"}
,"C:\\Users\\mdaahmed\\Desktop\\Capstone\\PokemonApps\\src\\components\\atom\\loader\\Loader.jsx": {"path":"C:\\Users\\mdaahmed\\Desktop\\Capstone\\PokemonApps\\src\\components\\atom\\loader\\Loader.jsx","statementMap":{"0":{"start":{"line":5,"column":15},"end":{"line":11,"column":1}},"1":{"start":{"line":6,"column":2},"end":{"line":10,"column":9}}},"fnMap":{"0":{"name":"(anonymous_0)","decl":{"start":{"line":5,"column":15},"end":{"line":5,"column":16}},"loc":{"start":{"line":6,"column":2},"end":{"line":10,"column":9}},"line":6}},"branchMap":{},"s":{"0":1,"1":1},"f":{"0":1},"b":{},"_coverageSchema":"1a1c01bbd47fc00a2c39e90264f33305004495a9","hash":"8a1c1d3c89e3fc09eaf52c3b6700fe9cda037669"}
,"C:\\Users\\mdaahmed\\Desktop\\Capstone\\PokemonApps\\src\\components\\molecules\\card\\Card.jsx": {"path":"C:\\Users\\mdaahmed\\Desktop\\Capstone\\PokemonApps\\src\\components\\molecules\\card\\Card.jsx","statementMap":{"0":{"start":{"line":10,"column":13},"end":{"line":60,"column":1}},"1":{"start":{"line":11,"column":21},"end":{"line":11,"column":36}},"2":{"start":{"line":13,"column":29},"end":{"line":13,"column":55}},"3":{"start":{"line":15,"column":21},"end":{"line":47,"column":3}},"4":{"start":{"line":16,"column":24},"end":{"line":16,"column":74}},"5":{"start":{"line":16,"column":53},"end":{"line":16,"column":73}},"6":{"start":{"line":17,"column":15},"end":{"line":17,"column":39}},"7":{"start":{"line":19,"column":24},"end":{"line":22,"column":5}},"8":{"start":{"line":20,"column":6},"end":{"line":20,"column":32}},"9":{"start":{"line":21,"column":6},"end":{"line":21,"column":53}},"10":{"start":{"line":24,"column":26},"end":{"line":26,"column":5}},"11":{"start":{"line":25,"column":6},"end":{"line":25,"column":66}},"12":{"start":{"line":27,"column":4},"end":{"line":46,"column":6}},"13":{"start":{"line":49,"column":2},"end":{"line":59,"column":4}},"14":{"start":{"line":55,"column":30},"end":{"line":55,"column":37}}},"fnMap":{"0":{"name":"(anonymous_0)","decl":{"start":{"line":10,"column":13},"end":{"line":10,"column":14}},"loc":{"start":{"line":10,"column":28},"end":{"line":60,"column":1}},"line":10},"1":{"name":"(anonymous_1)","decl":{"start":{"line":15,"column":21},"end":{"line":15,"column":22}},"loc":{"start":{"line":15,"column":33},"end":{"line":47,"column":3}},"line":15},"2":{"name":"(anonymous_2)","decl":{"start":{"line":16,"column":41},"end":{"line":16,"column":42}},"loc":{"start":{"line":16,"column":53},"end":{"line":16,"column":73}},"line":16},"3":{"name":"(anonymous_3)","decl":{"start":{"line":19,"column":24},"end":{"line":19,"column":25}},"loc":{"start":{"line":19,"column":30},"end":{"line":22,"column":5}},"line":19},"4":{"name":"(anonymous_4)","decl":{"start":{"line":24,"column":26},"end":{"line":24,"column":27}},"loc":{"start":{"line":24,"column":32},"end":{"line":26,"column":5}},"line":24},"5":{"name":"(anonymous_5)","decl":{"start":{"line":55,"column":22},"end":{"line":55,"column":23}},"loc":{"start":{"line":55,"column":30},"end":{"line":55,"column":37}},"line":55}},"branchMap":{"0":{"loc":{"start":{"line":25,"column":13},"end":{"line":25,"column":65}},"type":"cond-expr","locations":[{"start":{"line":25,"column":39},"end":{"line":25,"column":50}},{"start":{"line":25,"column":53},"end":{"line":25,"column":65}}],"line":25}},"s":{"0":0,"1":0,"2":0,"3":0,"4":0,"5":0,"6":0,"7":0,"8":0,"9":0,"10":0,"11":0,"12":0,"13":0,"14":0},"f":{"0":0,"1":0,"2":0,"3":0,"4":0,"5":0},"b":{"0":[0,0]}}
,"C:\\Users\\mdaahmed\\Desktop\\Capstone\\PokemonApps\\src\\components\\molecules\\header\\Header.jsx": {"path":"C:\\Users\\mdaahmed\\Desktop\\Capstone\\PokemonApps\\src\\components\\molecules\\header\\Header.jsx","statementMap":{"0":{"start":{"line":4,"column":24},"end":{"line":21,"column":1}},"1":{"start":{"line":5,"column":2},"end":{"line":20,"column":4}}},"fnMap":{"0":{"name":"(anonymous_0)","decl":{"start":{"line":4,"column":24},"end":{"line":4,"column":25}},"loc":{"start":{"line":4,"column":50},"end":{"line":21,"column":1}},"line":4}},"branchMap":{},"s":{"0":1,"1":1},"f":{"0":1},"b":{},"_coverageSchema":"1a1c01bbd47fc00a2c39e90264f33305004495a9","hash":"0b654817d117730d7ee312f9b84874087d36e317"}
,"C:\\Users\\mdaahmed\\Desktop\\Capstone\\PokemonApps\\src\\constants\\color.js": {"path":"C:\\Users\\mdaahmed\\Desktop\\Capstone\\PokemonApps\\src\\constants\\color.js","statementMap":{"0":{"start":{"line":1,"column":22},"end":{"line":22,"column":1}},"1":{"start":{"line":24,"column":28},"end":{"line":24,"column":50}}},"fnMap":{},"branchMap":{},"s":{"0":0,"1":0},"f":{},"b":{}}
,"C:\\Users\\mdaahmed\\Desktop\\Capstone\\PokemonApps\\src\\constants\\string.js": {"path":"C:\\Users\\mdaahmed\\Desktop\\Capstone\\PokemonApps\\src\\constants\\string.js","statementMap":{"0":{"start":{"line":3,"column":24},"end":{"line":3,"column":41}},"1":{"start":{"line":4,"column":31},"end":{"line":4,"column":64}},"2":{"start":{"line":5,"column":34},"end":{"line":5,"column":65}},"3":{"start":{"line":7,"column":29},"end":{"line":7,"column":50}},"4":{"start":{"line":9,"column":2},"end":{"line":9,"column":52}},"5":{"start":{"line":11,"column":33},"end":{"line":11,"column":44}},"6":{"start":{"line":12,"column":22},"end":{"line":12,"column":33}},"7":{"start":{"line":13,"column":22},"end":{"line":13,"column":30}},"8":{"start":{"line":14,"column":22},"end":{"line":14,"column":30}},"9":{"start":{"line":16,"column":21},"end":{"line":16,"column":28}},"10":{"start":{"line":18,"column":25},"end":{"line":18,"column":36}},"11":{"start":{"line":20,"column":28},"end":{"line":20,"column":42}}},"fnMap":{},"branchMap":{},"s":{"0":0,"1":0,"2":0,"3":0,"4":0,"5":0,"6":0,"7":0,"8":0,"9":0,"10":0,"11":0},"f":{},"b":{}}
,"C:\\Users\\mdaahmed\\Desktop\\Capstone\\PokemonApps\\src\\constants\\url.js": {"path":"C:\\Users\\mdaahmed\\Desktop\\Capstone\\PokemonApps\\src\\constants\\url.js","statementMap":{"0":{"start":{"line":2,"column":2},"end":{"line":2,"column":74}},"1":{"start":{"line":4,"column":26},"end":{"line":8,"column":1}}},"fnMap":{},"branchMap":{},"s":{"0":0,"1":0},"f":{},"b":{}}
,"C:\\Users\\mdaahmed\\Desktop\\Capstone\\PokemonApps\\src\\context\\PokemonContext.js": {"path":"C:\\Users\\mdaahmed\\Desktop\\Capstone\\PokemonApps\\src\\context\\PokemonContext.js","statementMap":{"0":{"start":{"line":3,"column":30},"end":{"line":3,"column":45}}},"fnMap":{},"branchMap":{},"s":{"0":0},"f":{},"b":{}}
,"C:\\Users\\mdaahmed\\Desktop\\Capstone\\PokemonApps\\src\\context\\PokemonProvider.js": {"path":"C:\\Users\\mdaahmed\\Desktop\\Capstone\\PokemonApps\\src\\context\\PokemonProvider.js","statementMap":{"0":{"start":{"line":12,"column":21},"end":{"line":12,"column":45}},"1":{"start":{"line":13,"column":12},"end":{"line":13,"column":36}},"2":{"start":{"line":14,"column":31},"end":{"line":130,"column":1}},"3":{"start":{"line":15,"column":38},"end":{"line":15,"column":50}},"4":{"start":{"line":16,"column":46},"end":{"line":16,"column":60}},"5":{"start":{"line":17,"column":54},"end":{"line":17,"column":68}},"6":{"start":{"line":18,"column":34},"end":{"line":18,"column":46}},"7":{"start":{"line":19,"column":56},"end":{"line":19,"column":74}},"8":{"start":{"line":20,"column":40},"end":{"line":20,"column":52}},"9":{"start":{"line":23,"column":2},"end":{"line":28,"column":9}},"10":{"start":{"line":27,"column":4},"end":{"line":27,"column":18}},"11":{"start":{"line":36,"column":22},"end":{"line":66,"column":3}},"12":{"start":{"line":37,"column":22},"end":{"line":37,"column":74}},"13":{"start":{"line":37,"column":62},"end":{"line":37,"column":72}},"14":{"start":{"line":38,"column":17},"end":{"line":38,"column":78}},"15":{"start":{"line":38,"column":61},"end":{"line":38,"column":76}},"16":{"start":{"line":40,"column":20},"end":{"line":40,"column":22}},"17":{"start":{"line":41,"column":4},"end":{"line":63,"column":7}},"18":{"start":{"line":42,"column":6},"end":{"line":48,"column":7}},"19":{"start":{"line":43,"column":8},"end":{"line":47,"column":11}},"20":{"start":{"line":44,"column":10},"end":{"line":46,"column":11}},"21":{"start":{"line":45,"column":12},"end":{"line":45,"column":42}},"22":{"start":{"line":49,"column":6},"end":{"line":55,"column":7}},"23":{"start":{"line":50,"column":8},"end":{"line":54,"column":11}},"24":{"start":{"line":51,"column":10},"end":{"line":53,"column":11}},"25":{"start":{"line":52,"column":12},"end":{"line":52,"column":40}},"26":{"start":{"line":56,"column":6},"end":{"line":62,"column":7}},"27":{"start":{"line":57,"column":8},"end":{"line":61,"column":11}},"28":{"start":{"line":58,"column":10},"end":{"line":60,"column":11}},"29":{"start":{"line":59,"column":12},"end":{"line":59,"column":46}},"30":{"start":{"line":65,"column":4},"end":{"line":65,"column":27}},"31":{"start":{"line":68,"column":27},"end":{"line":76,"column":3}},"32":{"start":{"line":69,"column":4},"end":{"line":75,"column":5}},"33":{"start":{"line":70,"column":21},"end":{"line":70,"column":52}},"34":{"start":{"line":71,"column":6},"end":{"line":71,"column":36}},"35":{"start":{"line":74,"column":6},"end":{"line":74,"column":25}},"36":{"start":{"line":78,"column":21},"end":{"line":97,"column":3}},"37":{"start":{"line":79,"column":4},"end":{"line":96,"column":7}},"38":{"start":{"line":80,"column":6},"end":{"line":95,"column":7}},"39":{"start":{"line":81,"column":23},"end":{"line":81,"column":75}},"40":{"start":{"line":82,"column":8},"end":{"line":86,"column":11}},"41":{"start":{"line":83,"column":10},"end":{"line":83,"column":37}},"42":{"start":{"line":84,"column":30},"end":{"line":84,"column":59}},"43":{"start":{"line":85,"column":10},"end":{"line":85,"column":29}},"44":{"start":{"line":87,"column":8},"end":{"line":91,"column":11}},"45":{"start":{"line":88,"column":10},"end":{"line":88,"column":37}},"46":{"start":{"line":89,"column":30},"end":{"line":89,"column":59}},"47":{"start":{"line":90,"column":10},"end":{"line":90,"column":29}},"48":{"start":{"line":94,"column":8},"end":{"line":94,"column":35}},"49":{"start":{"line":100,"column":30},"end":{"line":109,"column":3}},"50":{"start":{"line":101,"column":4},"end":{"line":108,"column":5}},"51":{"start":{"line":102,"column":21},"end":{"line":102,"column":45}},"52":{"start":{"line":103,"column":6},"end":{"line":103,"column":65}},"53":{"start":{"line":104,"column":6},"end":{"line":104,"column":20}},"54":{"start":{"line":107,"column":6},"end":{"line":107,"column":33}},"55":{"start":{"line":111,"column":2},"end":{"line":129,"column":4}}},"fnMap":{"0":{"name":"(anonymous_0)","decl":{"start":{"line":14,"column":31},"end":{"line":14,"column":32}},"loc":{"start":{"line":14,"column":47},"end":{"line":130,"column":1}},"line":14},"1":{"name":"(anonymous_1)","decl":{"start":{"line":23,"column":12},"end":{"line":23,"column":13}},"loc":{"start":{"line":23,"column":18},"end":{"line":28,"column":3}},"line":23},"2":{"name":"(anonymous_2)","decl":{"start":{"line":36,"column":22},"end":{"line":36,"column":23}},"loc":{"start":{"line":36,"column":43},"end":{"line":66,"column":3}},"line":36},"3":{"name":"(anonymous_3)","decl":{"start":{"line":37,"column":55},"end":{"line":37,"column":56}},"loc":{"start":{"line":37,"column":62},"end":{"line":37,"column":72}},"line":37},"4":{"name":"(anonymous_4)","decl":{"start":{"line":38,"column":49},"end":{"line":38,"column":50}},"loc":{"start":{"line":38,"column":61},"end":{"line":38,"column":76}},"line":38},"5":{"name":"(anonymous_5)","decl":{"start":{"line":41,"column":17},"end":{"line":41,"column":18}},"loc":{"start":{"line":41,"column":27},"end":{"line":63,"column":5}},"line":41},"6":{"name":"(anonymous_6)","decl":{"start":{"line":43,"column":47},"end":{"line":43,"column":48}},"loc":{"start":{"line":43,"column":58},"end":{"line":47,"column":9}},"line":43},"7":{"name":"(anonymous_7)","decl":{"start":{"line":50,"column":47},"end":{"line":50,"column":48}},"loc":{"start":{"line":50,"column":58},"end":{"line":54,"column":9}},"line":50},"8":{"name":"(anonymous_8)","decl":{"start":{"line":57,"column":47},"end":{"line":57,"column":48}},"loc":{"start":{"line":57,"column":58},"end":{"line":61,"column":9}},"line":57},"9":{"name":"(anonymous_9)","decl":{"start":{"line":68,"column":27},"end":{"line":68,"column":28}},"loc":{"start":{"line":68,"column":39},"end":{"line":76,"column":3}},"line":68},"10":{"name":"(anonymous_10)","decl":{"start":{"line":78,"column":21},"end":{"line":78,"column":22}},"loc":{"start":{"line":78,"column":34},"end":{"line":97,"column":3}},"line":78},"11":{"name":"(anonymous_11)","decl":{"start":{"line":79,"column":12},"end":{"line":79,"column":13}},"loc":{"start":{"line":79,"column":26},"end":{"line":96,"column":5}},"line":79},"12":{"name":"(anonymous_12)","decl":{"start":{"line":82,"column":20},"end":{"line":82,"column":21}},"loc":{"start":{"line":82,"column":29},"end":{"line":86,"column":9}},"line":82},"13":{"name":"(anonymous_13)","decl":{"start":{"line":87,"column":31},"end":{"line":87,"column":32}},"loc":{"start":{"line":87,"column":40},"end":{"line":91,"column":9}},"line":87},"14":{"name":"(anonymous_14)","decl":{"start":{"line":100,"column":30},"end":{"line":100,"column":31}},"loc":{"start":{"line":100,"column":42},"end":{"line":109,"column":3}},"line":100}},"branchMap":{"0":{"loc":{"start":{"line":42,"column":6},"end":{"line":48,"column":7}},"type":"if","locations":[{"start":{"line":42,"column":6},"end":{"line":48,"column":7}},{"start":{},"end":{}}],"line":42},"1":{"loc":{"start":{"line":44,"column":10},"end":{"line":46,"column":11}},"type":"if","locations":[{"start":{"line":44,"column":10},"end":{"line":46,"column":11}},{"start":{},"end":{}}],"line":44},"2":{"loc":{"start":{"line":49,"column":6},"end":{"line":55,"column":7}},"type":"if","locations":[{"start":{"line":49,"column":6},"end":{"line":55,"column":7}},{"start":{},"end":{}}],"line":49},"3":{"loc":{"start":{"line":51,"column":10},"end":{"line":53,"column":11}},"type":"if","locations":[{"start":{"line":51,"column":10},"end":{"line":53,"column":11}},{"start":{},"end":{}}],"line":51},"4":{"loc":{"start":{"line":56,"column":6},"end":{"line":62,"column":7}},"type":"if","locations":[{"start":{"line":56,"column":6},"end":{"line":62,"column":7}},{"start":{},"end":{}}],"line":56},"5":{"loc":{"start":{"line":58,"column":10},"end":{"line":60,"column":11}},"type":"if","locations":[{"start":{"line":58,"column":10},"end":{"line":60,"column":11}},{"start":{},"end":{}}],"line":58}},"s":{"0":0,"1":0,"2":0,"3":0,"4":0,"5":0,"6":0,"7":0,"8":0,"9":0,"10":0,"11":0,"12":0,"13":0,"14":0,"15":0,"16":0,"17":0,"18":0,"19":0,"20":0,"21":0,"22":0,"23":0,"24":0,"25":0,"26":0,"27":0,"28":0,"29":0,"30":0,"31":0,"32":0,"33":0,"34":0,"35":0,"36":0,"37":0,"38":0,"39":0,"40":0,"41":0,"42":0,"43":0,"44":0,"45":0,"46":0,"47":0,"48":0,"49":0,"50":0,"51":0,"52":0,"53":0,"54":0,"55":0},"f":{"0":0,"1":0,"2":0,"3":0,"4":0,"5":0,"6":0,"7":0,"8":0,"9":0,"10":0,"11":0,"12":0,"13":0,"14":0},"b":{"0":[0,0],"1":[0,0],"2":[0,0],"3":[0,0],"4":[0,0],"5":[0,0]}}
,"C:\\Users\\mdaahmed\\Desktop\\Capstone\\PokemonApps\\src\\navigation\\stack\\StackNavigator.jsx": {"path":"C:\\Users\\mdaahmed\\Desktop\\Capstone\\PokemonApps\\src\\navigation\\stack\\StackNavigator.jsx","statementMap":{"0":{"start":{"line":9,"column":14},"end":{"line":9,"column":42}},"1":{"start":{"line":11,"column":19},"end":{"line":30,"column":1}},"2":{"start":{"line":12,"column":2},"end":{"line":29,"column":4}}},"fnMap":{"0":{"name":"(anonymous_0)","decl":{"start":{"line":11,"column":19},"end":{"line":11,"column":20}},"loc":{"start":{"line":11,"column":25},"end":{"line":30,"column":1}},"line":11}},"branchMap":{},"s":{"0":0,"1":0,"2":0},"f":{"0":0},"b":{}}
,"C:\\Users\\mdaahmed\\Desktop\\Capstone\\PokemonApps\\src\\screens\\PokemonDetail.jsx": {"path":"C:\\Users\\mdaahmed\\Desktop\\Capstone\\PokemonApps\\src\\screens\\PokemonDetail.jsx","statementMap":{"0":{"start":{"line":30,"column":31},"end":{"line":263,"column":1}},"1":{"start":{"line":31,"column":18},"end":{"line":31,"column":40}},"2":{"start":{"line":32,"column":42},"end":{"line":32,"column":57}},"3":{"start":{"line":33,"column":21},"end":{"line":33,"column":36}},"4":{"start":{"line":40,"column":6},"end":{"line":40,"column":32}},"5":{"start":{"line":42,"column":2},"end":{"line":44,"column":9}},"6":{"start":{"line":43,"column":4},"end":{"line":43,"column":36}},"7":{"start":{"line":46,"column":18},"end":{"line":48,"column":3}},"8":{"start":{"line":47,"column":4},"end":{"line":47,"column":40}},"9":{"start":{"line":49,"column":25},"end":{"line":51,"column":3}},"10":{"start":{"line":50,"column":4},"end":{"line":50,"column":26}},"11":{"start":{"line":52,"column":24},"end":{"line":52,"column":51}},"12":{"start":{"line":53,"column":2},"end":{"line":53,"column":28}},"13":{"start":{"line":54,"column":2},"end":{"line":262,"column":4}},"14":{"start":{"line":102,"column":29},"end":{"line":102,"column":57}},"15":{"start":{"line":112,"column":38},"end":{"line":112,"column":60}},"16":{"start":{"line":121,"column":38},"end":{"line":121,"column":65}},"17":{"start":{"line":129,"column":51},"end":{"line":129,"column":73}},"18":{"start":{"line":153,"column":20},"end":{"line":156,"column":27}},"19":{"start":{"line":182,"column":18},"end":{"line":186,"column":25}},"20":{"start":{"line":200,"column":20},"end":{"line":205,"column":27}},"21":{"start":{"line":214,"column":20},"end":{"line":216,"column":27}},"22":{"start":{"line":227,"column":20},"end":{"line":229,"column":27}},"23":{"start":{"line":239,"column":12},"end":{"line":257,"column":19}}},"fnMap":{"0":{"name":"(anonymous_0)","decl":{"start":{"line":30,"column":31},"end":{"line":30,"column":32}},"loc":{"start":{"line":30,"column":39},"end":{"line":263,"column":1}},"line":30},"1":{"name":"(anonymous_1)","decl":{"start":{"line":42,"column":12},"end":{"line":42,"column":13}},"loc":{"start":{"line":42,"column":18},"end":{"line":44,"column":3}},"line":42},"2":{"name":"(anonymous_2)","decl":{"start":{"line":46,"column":18},"end":{"line":46,"column":19}},"loc":{"start":{"line":46,"column":24},"end":{"line":48,"column":3}},"line":46},"3":{"name":"(anonymous_3)","decl":{"start":{"line":49,"column":25},"end":{"line":49,"column":26}},"loc":{"start":{"line":49,"column":31},"end":{"line":51,"column":3}},"line":49},"4":{"name":"(anonymous_4)","decl":{"start":{"line":102,"column":20},"end":{"line":102,"column":21}},"loc":{"start":{"line":102,"column":29},"end":{"line":102,"column":57}},"line":102},"5":{"name":"(anonymous_5)","decl":{"start":{"line":112,"column":32},"end":{"line":112,"column":33}},"loc":{"start":{"line":112,"column":38},"end":{"line":112,"column":60}},"line":112},"6":{"name":"(anonymous_6)","decl":{"start":{"line":121,"column":30},"end":{"line":121,"column":31}},"loc":{"start":{"line":121,"column":38},"end":{"line":121,"column":65}},"line":121},"7":{"name":"(anonymous_7)","decl":{"start":{"line":129,"column":45},"end":{"line":129,"column":46}},"loc":{"start":{"line":129,"column":51},"end":{"line":129,"column":73}},"line":129},"8":{"name":"(anonymous_8)","decl":{"start":{"line":152,"column":33},"end":{"line":152,"column":34}},"loc":{"start":{"line":153,"column":20},"end":{"line":156,"column":27}},"line":153},"9":{"name":"(anonymous_9)","decl":{"start":{"line":181,"column":35},"end":{"line":181,"column":36}},"loc":{"start":{"line":182,"column":18},"end":{"line":186,"column":25}},"line":182},"10":{"name":"(anonymous_10)","decl":{"start":{"line":199,"column":40},"end":{"line":199,"column":41}},"loc":{"start":{"line":200,"column":20},"end":{"line":205,"column":27}},"line":200},"11":{"name":"(anonymous_11)","decl":{"start":{"line":213,"column":52},"end":{"line":213,"column":53}},"loc":{"start":{"line":214,"column":20},"end":{"line":216,"column":27}},"line":214},"12":{"name":"(anonymous_12)","decl":{"start":{"line":226,"column":34},"end":{"line":226,"column":35}},"loc":{"start":{"line":227,"column":20},"end":{"line":229,"column":27}},"line":227},"13":{"name":"(anonymous_13)","decl":{"start":{"line":238,"column":29},"end":{"line":238,"column":30}},"loc":{"start":{"line":239,"column":12},"end":{"line":257,"column":19}},"line":239}},"branchMap":{"0":{"loc":{"start":{"line":100,"column":17},"end":{"line":103,"column":31}},"type":"binary-expr","locations":[{"start":{"line":100,"column":17},"end":{"line":100,"column":35}},{"start":{"line":101,"column":18},"end":{"line":103,"column":31}}],"line":100},"1":{"loc":{"start":{"line":118,"column":25},"end":{"line":124,"column":27}},"type":"binary-expr","locations":[{"start":{"line":118,"column":25},"end":{"line":118,"column":43}},{"start":{"line":119,"column":26},"end":{"line":124,"column":27}}],"line":118},"2":{"loc":{"start":{"line":151,"column":17},"end":{"line":157,"column":20}},"type":"binary-expr","locations":[{"start":{"line":151,"column":17},"end":{"line":151,"column":27}},{"start":{"line":152,"column":18},"end":{"line":157,"column":20}}],"line":151},"3":{"loc":{"start":{"line":155,"column":23},"end":{"line":155,"column":73}},"type":"binary-expr","locations":[{"start":{"line":155,"column":23},"end":{"line":155,"column":54}},{"start":{"line":155,"column":58},"end":{"line":155,"column":73}}],"line":155},"4":{"loc":{"start":{"line":198,"column":17},"end":{"line":206,"column":20}},"type":"binary-expr","locations":[{"start":{"line":198,"column":17},"end":{"line":198,"column":24}},{"start":{"line":199,"column":18},"end":{"line":206,"column":20}}],"line":198},"5":{"loc":{"start":{"line":203,"column":25},"end":{"line":203,"column":72}},"type":"binary-expr","locations":[{"start":{"line":203,"column":25},"end":{"line":203,"column":53}},{"start":{"line":203,"column":57},"end":{"line":203,"column":72}}],"line":203},"6":{"loc":{"start":{"line":212,"column":17},"end":{"line":217,"column":20}},"type":"binary-expr","locations":[{"start":{"line":212,"column":17},"end":{"line":212,"column":35}},{"start":{"line":213,"column":18},"end":{"line":217,"column":20}}],"line":212},"7":{"loc":{"start":{"line":225,"column":17},"end":{"line":230,"column":20}},"type":"binary-expr","locations":[{"start":{"line":225,"column":17},"end":{"line":225,"column":28}},{"start":{"line":226,"column":18},"end":{"line":230,"column":20}}],"line":225}},"s":{"0":0,"1":0,"2":0,"3":0,"4":0,"5":0,"6":0,"7":0,"8":0,"9":0,"10":0,"11":0,"12":0,"13":0,"14":0,"15":0,"16":0,"17":0,"18":0,"19":0,"20":0,"21":0,"22":0,"23":0},"f":{"0":0,"1":0,"2":0,"3":0,"4":0,"5":0,"6":0,"7":0,"8":0,"9":0,"10":0,"11":0,"12":0,"13":0},"b":{"0":[0,0],"1":[0,0],"2":[0,0],"3":[0,0],"4":[0,0],"5":[0,0],"6":[0,0],"7":[0,0]}}
,"C:\\Users\\mdaahmed\\Desktop\\Capstone\\PokemonApps\\src\\screens\\PokemonList.jsx": {"path":"C:\\Users\\mdaahmed\\Desktop\\Capstone\\PokemonApps\\src\\screens\\PokemonList.jsx","statementMap":{"0":{"start":{"line":20,"column":29},"end":{"line":317,"column":1}},"1":{"start":{"line":21,"column":32},"end":{"line":21,"column":46}},"2":{"start":{"line":22,"column":24},"end":{"line":22,"column":71}},"3":{"start":{"line":23,"column":32},"end":{"line":23,"column":42}},"4":{"start":{"line":24,"column":32},"end":{"line":24,"column":42}},"5":{"start":{"line":25,"column":40},"end":{"line":25,"column":52}},"6":{"start":{"line":26,"column":36},"end":{"line":26,"column":51}},"7":{"start":{"line":28,"column":44},"end":{"line":28,"column":56}},"8":{"start":{"line":29,"column":52},"end":{"line":29,"column":67}},"9":{"start":{"line":30,"column":40},"end":{"line":49,"column":4}},"10":{"start":{"line":56,"column":6},"end":{"line":56,"column":32}},"11":{"start":{"line":58,"column":33},"end":{"line":63,"column":3}},"12":{"start":{"line":59,"column":4},"end":{"line":62,"column":8}},"13":{"start":{"line":59,"column":35},"end":{"line":62,"column":5}},"14":{"start":{"line":66,"column":4},"end":{"line":84,"column":5}},"15":{"start":{"line":67,"column":6},"end":{"line":83,"column":9}},"16":{"start":{"line":68,"column":8},"end":{"line":68,"column":39}},"17":{"start":{"line":69,"column":28},"end":{"line":69,"column":49}},"18":{"start":{"line":70,"column":20},"end":{"line":70,"column":74}},"19":{"start":{"line":70,"column":47},"end":{"line":70,"column":73}},"20":{"start":{"line":72,"column":8},"end":{"line":72,"column":36}},"21":{"start":{"line":73,"column":8},"end":{"line":73,"column":19}},"22":{"start":{"line":87,"column":23},"end":{"line":89,"column":3}},"23":{"start":{"line":88,"column":4},"end":{"line":88,"column":29}},"24":{"start":{"line":90,"column":2},"end":{"line":90,"column":45}},"25":{"start":{"line":91,"column":2},"end":{"line":91,"column":42}},"26":{"start":{"line":92,"column":2},"end":{"line":92,"column":64}},"27":{"start":{"line":94,"column":30},"end":{"line":100,"column":3}},"28":{"start":{"line":95,"column":4},"end":{"line":99,"column":5}},"29":{"start":{"line":96,"column":6},"end":{"line":96,"column":62}},"30":{"start":{"line":96,"column":49},"end":{"line":96,"column":59}},"31":{"start":{"line":98,"column":6},"end":{"line":98,"column":49}},"32":{"start":{"line":101,"column":23},"end":{"line":107,"column":3}},"33":{"start":{"line":102,"column":4},"end":{"line":106,"column":5}},"34":{"start":{"line":103,"column":6},"end":{"line":103,"column":18}},"35":{"start":{"line":105,"column":6},"end":{"line":105,"column":70}},"36":{"start":{"line":105,"column":40},"end":{"line":105,"column":68}},"37":{"start":{"line":109,"column":32},"end":{"line":111,"column":3}},"38":{"start":{"line":110,"column":4},"end":{"line":110,"column":23}},"39":{"start":{"line":113,"column":27},"end":{"line":115,"column":3}},"40":{"start":{"line":114,"column":4},"end":{"line":114,"column":24}},"41":{"start":{"line":122,"column":34},"end":{"line":134,"column":3}},"42":{"start":{"line":123,"column":4},"end":{"line":123,"column":21}},"43":{"start":{"line":124,"column":4},"end":{"line":133,"column":5}},"44":{"start":{"line":125,"column":23},"end":{"line":125,"column":48}},"45":{"start":{"line":126,"column":6},"end":{"line":126,"column":32}},"46":{"start":{"line":127,"column":6},"end":{"line":127,"column":36}},"47":{"start":{"line":128,"column":6},"end":{"line":128,"column":35}},"48":{"start":{"line":129,"column":6},"end":{"line":129,"column":24}},"49":{"start":{"line":132,"column":6},"end":{"line":132,"column":33}},"50":{"start":{"line":136,"column":2},"end":{"line":138,"column":12}},"51":{"start":{"line":137,"column":4},"end":{"line":137,"column":30}},"52":{"start":{"line":140,"column":31},"end":{"line":149,"column":3}},"53":{"start":{"line":141,"column":28},"end":{"line":146,"column":6}},"54":{"start":{"line":142,"column":6},"end":{"line":145,"column":8}},"55":{"start":{"line":148,"column":4},"end":{"line":148,"column":27}},"56":{"start":{"line":150,"column":18},"end":{"line":150,"column":42}},"57":{"start":{"line":151,"column":2},"end":{"line":316,"column":4}},"58":{"start":{"line":163,"column":14},"end":{"line":163,"column":35}},"59":{"start":{"line":164,"column":14},"end":{"line":167,"column":17}},"60":{"start":{"line":165,"column":39},"end":{"line":165,"column":65}},"61":{"start":{"line":166,"column":16},"end":{"line":166,"column":55}},"62":{"start":{"line":220,"column":20},"end":{"line":232,"column":27}},"63":{"start":{"line":229,"column":45},"end":{"line":229,"column":73}},"64":{"start":{"line":278,"column":18},"end":{"line":278,"column":34}},"65":{"start":{"line":279,"column":18},"end":{"line":279,"column":45}},"66":{"start":{"line":280,"column":18},"end":{"line":280,"column":34}},"67":{"start":{"line":297,"column":20},"end":{"line":297,"column":36}},"68":{"start":{"line":298,"column":20},"end":{"line":298,"column":47}},"69":{"start":{"line":299,"column":20},"end":{"line":299,"column":36}}},"fnMap":{"0":{"name":"(anonymous_0)","decl":{"start":{"line":20,"column":29},"end":{"line":20,"column":30}},"loc":{"start":{"line":20,"column":35},"end":{"line":317,"column":1}},"line":20},"1":{"name":"(anonymous_1)","decl":{"start":{"line":58,"column":33},"end":{"line":58,"column":34}},"loc":{"start":{"line":58,"column":41},"end":{"line":63,"column":3}},"line":58},"2":{"name":"(anonymous_2)","decl":{"start":{"line":59,"column":19},"end":{"line":59,"column":20}},"loc":{"start":{"line":59,"column":35},"end":{"line":62,"column":5}},"line":59},"3":{"name":"newfilteredPokemonList","decl":{"start":{"line":65,"column":11},"end":{"line":65,"column":33}},"loc":{"start":{"line":65,"column":36},"end":{"line":85,"column":3}},"line":65},"4":{"name":"(anonymous_4)","decl":{"start":{"line":67,"column":22},"end":{"line":67,"column":23}},"loc":{"start":{"line":67,"column":33},"end":{"line":83,"column":7}},"line":67},"5":{"name":"(anonymous_5)","decl":{"start":{"line":70,"column":39},"end":{"line":70,"column":40}},"loc":{"start":{"line":70,"column":47},"end":{"line":70,"column":73}},"line":70},"6":{"name":"(anonymous_6)","decl":{"start":{"line":87,"column":23},"end":{"line":87,"column":24}},"loc":{"start":{"line":87,"column":29},"end":{"line":89,"column":3}},"line":87},"7":{"name":"(anonymous_7)","decl":{"start":{"line":94,"column":30},"end":{"line":94,"column":31}},"loc":{"start":{"line":94,"column":38},"end":{"line":100,"column":3}},"line":94},"8":{"name":"(anonymous_8)","decl":{"start":{"line":96,"column":44},"end":{"line":96,"column":45}},"loc":{"start":{"line":96,"column":49},"end":{"line":96,"column":59}},"line":96},"9":{"name":"(anonymous_9)","decl":{"start":{"line":101,"column":23},"end":{"line":101,"column":24}},"loc":{"start":{"line":101,"column":34},"end":{"line":107,"column":3}},"line":101},"10":{"name":"(anonymous_10)","decl":{"start":{"line":105,"column":32},"end":{"line":105,"column":33}},"loc":{"start":{"line":105,"column":40},"end":{"line":105,"column":68}},"line":105},"11":{"name":"(anonymous_11)","decl":{"start":{"line":109,"column":32},"end":{"line":109,"column":33}},"loc":{"start":{"line":109,"column":38},"end":{"line":111,"column":3}},"line":109},"12":{"name":"(anonymous_12)","decl":{"start":{"line":113,"column":27},"end":{"line":113,"column":28}},"loc":{"start":{"line":113,"column":33},"end":{"line":115,"column":3}},"line":113},"13":{"name":"(anonymous_13)","decl":{"start":{"line":122,"column":34},"end":{"line":122,"column":35}},"loc":{"start":{"line":122,"column":46},"end":{"line":134,"column":3}},"line":122},"14":{"name":"(anonymous_14)","decl":{"start":{"line":136,"column":12},"end":{"line":136,"column":13}},"loc":{"start":{"line":136,"column":18},"end":{"line":138,"column":3}},"line":136},"15":{"name":"(anonymous_15)","decl":{"start":{"line":140,"column":31},"end":{"line":140,"column":32}},"loc":{"start":{"line":140,"column":45},"end":{"line":149,"column":3}},"line":140},"16":{"name":"(anonymous_16)","decl":{"start":{"line":141,"column":45},"end":{"line":141,"column":46}},"loc":{"start":{"line":141,"column":56},"end":{"line":146,"column":5}},"line":141},"17":{"name":"(anonymous_17)","decl":{"start":{"line":162,"column":26},"end":{"line":162,"column":27}},"loc":{"start":{"line":162,"column":34},"end":{"line":168,"column":13}},"line":162},"18":{"name":"(anonymous_18)","decl":{"start":{"line":164,"column":30},"end":{"line":164,"column":31}},"loc":{"start":{"line":164,"column":36},"end":{"line":167,"column":15}},"line":164},"19":{"name":"(anonymous_19)","decl":{"start":{"line":219,"column":48},"end":{"line":219,"column":49}},"loc":{"start":{"line":220,"column":20},"end":{"line":232,"column":27}},"line":220},"20":{"name":"(anonymous_20)","decl":{"start":{"line":229,"column":39},"end":{"line":229,"column":40}},"loc":{"start":{"line":229,"column":45},"end":{"line":229,"column":73}},"line":229},"21":{"name":"(anonymous_21)","decl":{"start":{"line":277,"column":25},"end":{"line":277,"column":26}},"loc":{"start":{"line":277,"column":31},"end":{"line":281,"column":17}},"line":277},"22":{"name":"(anonymous_22)","decl":{"start":{"line":296,"column":27},"end":{"line":296,"column":28}},"loc":{"start":{"line":296,"column":33},"end":{"line":300,"column":19}},"line":296}},"branchMap":{"0":{"loc":{"start":{"line":66,"column":4},"end":{"line":84,"column":5}},"type":"if","locations":[{"start":{"line":66,"column":4},"end":{"line":84,"column":5}},{"start":{},"end":{}}],"line":66},"1":{"loc":{"start":{"line":95,"column":4},"end":{"line":99,"column":5}},"type":"if","locations":[{"start":{"line":95,"column":4},"end":{"line":99,"column":5}},{"start":{"line":97,"column":11},"end":{"line":99,"column":5}}],"line":95},"2":{"loc":{"start":{"line":102,"column":4},"end":{"line":106,"column":5}},"type":"if","locations":[{"start":{"line":102,"column":4},"end":{"line":106,"column":5}},{"start":{"line":104,"column":11},"end":{"line":106,"column":5}}],"line":102},"3":{"loc":{"start":{"line":143,"column":8},"end":{"line":144,"column":50}},"type":"binary-expr","locations":[{"start":{"line":143,"column":8},"end":{"line":143,"column":71}},{"start":{"line":144,"column":8},"end":{"line":144,"column":50}}],"line":143},"4":{"loc":{"start":{"line":264,"column":7},"end":{"line":314,"column":7}},"type":"cond-expr","locations":[{"start":{"line":265,"column":8},"end":{"line":265,"column":18}},{"start":{"line":267,"column":8},"end":{"line":313,"column":15}}],"line":264},"5":{"loc":{"start":{"line":276,"column":26},"end":{"line":276,"column":57}},"type":"cond-expr","locations":[{"start":{"line":276,"column":45},"end":{"line":276,"column":49}},{"start":{"line":276,"column":52},"end":{"line":276,"column":57}}],"line":276},"6":{"loc":{"start":{"line":283,"column":33},"end":{"line":283,"column":58}},"type":"cond-expr","locations":[{"start":{"line":283,"column":43},"end":{"line":283,"column":49}},{"start":{"line":283,"column":52},"end":{"line":283,"column":58}}],"line":283},"7":{"loc":{"start":{"line":294,"column":15},"end":{"line":310,"column":15}},"type":"binary-expr","locations":[{"start":{"line":294,"column":15},"end":{"line":294,"column":22}},{"start":{"line":295,"column":16},"end":{"line":309,"column":35}}],"line":294}},"s":{"0":0,"1":0,"2":0,"3":0,"4":0,"5":0,"6":0,"7":0,"8":0,"9":0,"10":0,"11":0,"12":0,"13":0,"14":0,"15":0,"16":0,"17":0,"18":0,"19":0,"20":0,"21":0,"22":0,"23":0,"24":0,"25":0,"26":0,"27":0,"28":0,"29":0,"30":0,"31":0,"32":0,"33":0,"34":0,"35":0,"36":0,"37":0,"38":0,"39":0,"40":0,"41":0,"42":0,"43":0,"44":0,"45":0,"46":0,"47":0,"48":0,"49":0,"50":0,"51":0,"52":0,"53":0,"54":0,"55":0,"56":0,"57":0,"58":0,"59":0,"60":0,"61":0,"62":0,"63":0,"64":0,"65":0,"66":0,"67":0,"68":0,"69":0},"f":{"0":0,"1":0,"2":0,"3":0,"4":0,"5":0,"6":0,"7":0,"8":0,"9":0,"10":0,"11":0,"12":0,"13":0,"14":0,"15":0,"16":0,"17":0,"18":0,"19":0,"20":0,"21":0,"22":0},"b":{"0":[0,0],"1":[0,0],"2":[0,0],"3":[0,0],"4":[0,0],"5":[0,0],"6":[0,0],"7":[0,0]}}
,"C:\\Users\\mdaahmed\\Desktop\\Capstone\\PokemonApps\\src\\services\\api.js": {"path":"C:\\Users\\mdaahmed\\Desktop\\Capstone\\PokemonApps\\src\\services\\api.js","statementMap":{"0":{"start":{"line":2,"column":17},"end":{"line":2,"column":41}},"1":{"start":{"line":3,"column":12},"end":{"line":8,"column":2}},"2":{"start":{"line":10,"column":30},"end":{"line":17,"column":1}},"3":{"start":{"line":11,"column":2},"end":{"line":16,"column":3}},"4":{"start":{"line":12,"column":21},"end":{"line":12,"column":39}},"5":{"start":{"line":13,"column":4},"end":{"line":13,"column":25}},"6":{"start":{"line":15,"column":4},"end":{"line":15,"column":35}},"7":{"start":{"line":19,"column":33},"end":{"line":26,"column":1}},"8":{"start":{"line":20,"column":2},"end":{"line":25,"column":3}},"9":{"start":{"line":21,"column":21},"end":{"line":21,"column":52}},"10":{"start":{"line":22,"column":4},"end":{"line":22,"column":25}},"11":{"start":{"line":24,"column":4},"end":{"line":24,"column":35}},"12":{"start":{"line":29,"column":30},"end":{"line":36,"column":1}},"13":{"start":{"line":30,"column":2},"end":{"line":35,"column":3}},"14":{"start":{"line":31,"column":21},"end":{"line":31,"column":60}},"15":{"start":{"line":32,"column":4},"end":{"line":32,"column":25}},"16":{"start":{"line":34,"column":4},"end":{"line":34,"column":35}},"17":{"start":{"line":39,"column":37},"end":{"line":46,"column":1}},"18":{"start":{"line":40,"column":2},"end":{"line":45,"column":3}},"19":{"start":{"line":41,"column":21},"end":{"line":41,"column":71}},"20":{"start":{"line":42,"column":4},"end":{"line":42,"column":25}},"21":{"start":{"line":44,"column":4},"end":{"line":44,"column":35}},"22":{"start":{"line":49,"column":32},"end":{"line":51,"column":1}},"23":{"start":{"line":50,"column":2},"end":{"line":50,"column":47}}},"fnMap":{"0":{"name":"(anonymous_0)","decl":{"start":{"line":10,"column":30},"end":{"line":10,"column":31}},"loc":{"start":{"line":10,"column":43},"end":{"line":17,"column":1}},"line":10},"1":{"name":"(anonymous_1)","decl":{"start":{"line":19,"column":33},"end":{"line":19,"column":34}},"loc":{"start":{"line":19,"column":45},"end":{"line":26,"column":1}},"line":19},"2":{"name":"(anonymous_2)","decl":{"start":{"line":29,"column":30},"end":{"line":29,"column":31}},"loc":{"start":{"line":29,"column":42},"end":{"line":36,"column":1}},"line":29},"3":{"name":"(anonymous_3)","decl":{"start":{"line":39,"column":37},"end":{"line":39,"column":38}},"loc":{"start":{"line":39,"column":49},"end":{"line":46,"column":1}},"line":39},"4":{"name":"(anonymous_4)","decl":{"start":{"line":49,"column":32},"end":{"line":49,"column":33}},"loc":{"start":{"line":49,"column":38},"end":{"line":51,"column":1}},"line":49}},"branchMap":{},"s":{"0":1,"1":1,"2":1,"3":1,"4":1,"5":0,"6":1,"7":1,"8":2,"9":2,"10":2,"11":0,"12":1,"13":0,"14":0,"15":0,"16":0,"17":1,"18":2,"19":2,"20":2,"21":0,"22":1,"23":2},"f":{"0":1,"1":2,"2":0,"3":2,"4":2},"b":{},"_coverageSchema":"1a1c01bbd47fc00a2c39e90264f33305004495a9","hash":"d747d6e5fb2ed5e17fce3f521b51603e6688afad"}
,"C:\\Users\\mdaahmed\\Desktop\\Capstone\\PokemonApps\\src\\styles\\globalStyles.js": {"path":"C:\\Users\\mdaahmed\\Desktop\\Capstone\\PokemonApps\\src\\styles\\globalStyles.js","statementMap":{},"fnMap":{},"branchMap":{},"s":{},"f":{},"b":{}}
,"C:\\Users\\mdaahmed\\Desktop\\Capstone\\PokemonApps\\src\\styles\\componentStyles\\Button.Style.js": {"path":"C:\\Users\\mdaahmed\\Desktop\\Capstone\\PokemonApps\\src\\styles\\componentStyles\\Button.Style.js","statementMap":{"0":{"start":{"line":2,"column":28},"end":{"line":26,"column":2}}},"fnMap":{},"branchMap":{},"s":{"0":1},"f":{},"b":{},"_coverageSchema":"1a1c01bbd47fc00a2c39e90264f33305004495a9","hash":"9af15b25f27bd47be619498184e6492e8814fb99"}
,"C:\\Users\\mdaahmed\\Desktop\\Capstone\\PokemonApps\\src\\styles\\componentStyles\\Card.Style.js": {"path":"C:\\Users\\mdaahmed\\Desktop\\Capstone\\PokemonApps\\src\\styles\\componentStyles\\Card.Style.js","statementMap":{"0":{"start":{"line":5,"column":19},"end":{"line":41,"column":2}}},"fnMap":{},"branchMap":{},"s":{"0":0},"f":{},"b":{}}
,"C:\\Users\\mdaahmed\\Desktop\\Capstone\\PokemonApps\\src\\styles\\componentStyles\\HeaderStyles.js": {"path":"C:\\Users\\mdaahmed\\Desktop\\Capstone\\PokemonApps\\src\\styles\\componentStyles\\HeaderStyles.js","statementMap":{"0":{"start":{"line":5,"column":28},"end":{"line":36,"column":2}}},"fnMap":{},"branchMap":{},"s":{"0":1},"f":{},"b":{},"_coverageSchema":"1a1c01bbd47fc00a2c39e90264f33305004495a9","hash":"ed2cef8a29b8648eaef0bcb1e78265239b9f8340"}
,"C:\\Users\\mdaahmed\\Desktop\\Capstone\\PokemonApps\\src\\styles\\componentStyles\\Loader.Style.js": {"path":"C:\\Users\\mdaahmed\\Desktop\\Capstone\\PokemonApps\\src\\styles\\componentStyles\\Loader.Style.js","statementMap":{"0":{"start":{"line":2,"column":28},"end":{"line":12,"column":2}}},"fnMap":{},"branchMap":{},"s":{"0":1},"f":{},"b":{},"_coverageSchema":"1a1c01bbd47fc00a2c39e90264f33305004495a9","hash":"dd4221dc591a9995806302f63f343c63ebb29579"}
,"C:\\Users\\mdaahmed\\Desktop\\Capstone\\PokemonApps\\src\\styles\\componentStyles\\PokemonDetail.Style.js": {"path":"C:\\Users\\mdaahmed\\Desktop\\Capstone\\PokemonApps\\src\\styles\\componentStyles\\PokemonDetail.Style.js","statementMap":{"0":{"start":{"line":6,"column":29},"end":{"line":152,"column":2}}},"fnMap":{},"branchMap":{},"s":{"0":0},"f":{},"b":{}}
,"C:\\Users\\mdaahmed\\Desktop\\Capstone\\PokemonApps\\src\\styles\\componentStyles\\PokemonList.Style.js": {"path":"C:\\Users\\mdaahmed\\Desktop\\Capstone\\PokemonApps\\src\\styles\\componentStyles\\PokemonList.Style.js","statementMap":{"0":{"start":{"line":6,"column":33},"end":{"line":153,"column":2}}},"fnMap":{},"branchMap":{},"s":{"0":0},"f":{},"b":{}}
,"C:\\Users\\mdaahmed\\Desktop\\Capstone\\PokemonApps\\src\\tokens\\colors.js": {"path":"C:\\Users\\mdaahmed\\Desktop\\Capstone\\PokemonApps\\src\\tokens\\colors.js","statementMap":{"0":{"start":{"line":4,"column":27},"end":{"line":99,"column":1}},"1":{"start":{"line":101,"column":32},"end":{"line":117,"column":1}}},"fnMap":{},"branchMap":{},"s":{"0":2,"1":2},"f":{},"b":{},"_coverageSchema":"1a1c01bbd47fc00a2c39e90264f33305004495a9","hash":"c2efe3f584915540304175682f42b67bd12a833a"}
,"C:\\Users\\mdaahmed\\Desktop\\Capstone\\PokemonApps\\src\\tokens\\fonts.js": {"path":"C:\\Users\\mdaahmed\\Desktop\\Capstone\\PokemonApps\\src\\tokens\\fonts.js","statementMap":{"0":{"start":{"line":2,"column":25},"end":{"line":12,"column":1}},"1":{"start":{"line":15,"column":27},"end":{"line":20,"column":1}},"2":{"start":{"line":23,"column":27},"end":{"line":26,"column":1}}},"fnMap":{},"branchMap":{},"s":{"0":1,"1":1,"2":1},"f":{},"b":{},"_coverageSchema":"1a1c01bbd47fc00a2c39e90264f33305004495a9","hash":"0461e2a49896183be266fd0460ad5e0e79187c75"}
,"C:\\Users\\mdaahmed\\Desktop\\Capstone\\PokemonApps\\src\\tokens\\size.js": {"path":"C:\\Users\\mdaahmed\\Desktop\\Capstone\\PokemonApps\\src\\tokens\\size.js","statementMap":{"0":{"start":{"line":1,"column":21},"end":{"line":9,"column":1}}},"fnMap":{},"branchMap":{},"s":{"0":0},"f":{},"b":{}}
,"C:\\Users\\mdaahmed\\Desktop\\Capstone\\PokemonApps\\src\\tokens\\spacing.js": {"path":"C:\\Users\\mdaahmed\\Desktop\\Capstone\\PokemonApps\\src\\tokens\\spacing.js","statementMap":{"0":{"start":{"line":1,"column":22},"end":{"line":9,"column":1}},"1":{"start":{"line":11,"column":23},"end":{"line":26,"column":1}},"2":{"start":{"line":28,"column":20},"end":{"line":30,"column":1}}},"fnMap":{},"branchMap":{},"s":{"0":1,"1":1,"2":1},"f":{},"b":{},"_coverageSchema":"1a1c01bbd47fc00a2c39e90264f33305004495a9","hash":"c3080fc65b02bd6d5a7edabb6c80dee71cc78ca8"}
,"C:\\Users\\mdaahmed\\Desktop\\Capstone\\PokemonApps\\src\\utils\\concatenateProperty.js": {"path":"C:\\Users\\mdaahmed\\Desktop\\Capstone\\PokemonApps\\src\\utils\\concatenateProperty.js","statementMap":{"0":{"start":{"line":1,"column":35},"end":{"line":7,"column":1}},"1":{"start":{"line":2,"column":2},"end":{"line":6,"column":9}},"2":{"start":{"line":3,"column":18},"end":{"line":3,"column":28}},"3":{"start":{"line":4,"column":19},"end":{"line":4,"column":43}},"4":{"start":{"line":5,"column":4},"end":{"line":5,"column":44}}},"fnMap":{"0":{"name":"(anonymous_0)","decl":{"start":{"line":1,"column":35},"end":{"line":1,"column":36}},"loc":{"start":{"line":1,"column":56},"end":{"line":7,"column":1}},"line":1},"1":{"name":"(anonymous_1)","decl":{"start":{"line":2,"column":22},"end":{"line":2,"column":23}},"loc":{"start":{"line":2,"column":41},"end":{"line":6,"column":3}},"line":2}},"branchMap":{},"s":{"0":0,"1":0,"2":0,"3":0,"4":0},"f":{"0":0,"1":0},"b":{}}
,"C:\\Users\\mdaahmed\\Desktop\\Capstone\\PokemonApps\\src\\utils\\filterUniqueById.js": {"path":"C:\\Users\\mdaahmed\\Desktop\\Capstone\\PokemonApps\\src\\utils\\filterUniqueById.js","statementMap":{"0":{"start":{"line":2,"column":2},"end":{"line":9,"column":4}},"1":{"start":{"line":4,"column":6},"end":{"line":6,"column":7}},"2":{"start":{"line":5,"column":8},"end":{"line":5,"column":28}},"3":{"start":{"line":7,"column":6},"end":{"line":7,"column":17}}},"fnMap":{"0":{"name":"filterUniqueById","decl":{"start":{"line":1,"column":16},"end":{"line":1,"column":32}},"loc":{"start":{"line":1,"column":43},"end":{"line":10,"column":1}},"line":1},"1":{"name":"(anonymous_1)","decl":{"start":{"line":3,"column":15},"end":{"line":3,"column":16}},"loc":{"start":{"line":3,"column":29},"end":{"line":8,"column":5}},"line":3}},"branchMap":{"0":{"loc":{"start":{"line":4,"column":6},"end":{"line":6,"column":7}},"type":"if","locations":[{"start":{"line":4,"column":6},"end":{"line":6,"column":7}},{"start":{},"end":{}}],"line":4}},"s":{"0":0,"1":0,"2":0,"3":0},"f":{"0":0,"1":0},"b":{"0":[0,0]}}
,"C:\\Users\\mdaahmed\\Desktop\\Capstone\\PokemonApps\\src\\utils\\leadingZeros.js": {"path":"C:\\Users\\mdaahmed\\Desktop\\Capstone\\PokemonApps\\src\\utils\\leadingZeros.js","statementMap":{"0":{"start":{"line":2,"column":2},"end":{"line":8,"column":3}},"1":{"start":{"line":3,"column":4},"end":{"line":3,"column":25}},"2":{"start":{"line":4,"column":9},"end":{"line":8,"column":3}},"3":{"start":{"line":5,"column":4},"end":{"line":5,"column":24}},"4":{"start":{"line":7,"column":4},"end":{"line":7,"column":29}}},"fnMap":{"0":{"name":"addLeadingZeros","decl":{"start":{"line":1,"column":16},"end":{"line":1,"column":31}},"loc":{"start":{"line":1,"column":40},"end":{"line":9,"column":1}},"line":1}},"branchMap":{"0":{"loc":{"start":{"line":2,"column":2},"end":{"line":8,"column":3}},"type":"if","locations":[{"start":{"line":2,"column":2},"end":{"line":8,"column":3}},{"start":{"line":4,"column":9},"end":{"line":8,"column":3}}],"line":2},"1":{"loc":{"start":{"line":4,"column":9},"end":{"line":8,"column":3}},"type":"if","locations":[{"start":{"line":4,"column":9},"end":{"line":8,"column":3}},{"start":{"line":6,"column":9},"end":{"line":8,"column":3}}],"line":4}},"s":{"0":0,"1":0,"2":0,"3":0,"4":0},"f":{"0":0},"b":{"0":[0,0],"1":[0,0]}}
,"C:\\Users\\mdaahmed\\Desktop\\Capstone\\PokemonApps\\src\\utils\\lengthUtils.js": {"path":"C:\\Users\\mdaahmed\\Desktop\\Capstone\\PokemonApps\\src\\utils\\lengthUtils.js","statementMap":{"0":{"start":{"line":2,"column":27},"end":{"line":2,"column":35}},"1":{"start":{"line":3,"column":23},"end":{"line":3,"column":48}},"2":{"start":{"line":4,"column":13},"end":{"line":4,"column":39}},"3":{"start":{"line":5,"column":15},"end":{"line":5,"column":55}},"4":{"start":{"line":6,"column":2},"end":{"line":6,"column":31}}},"fnMap":{"0":{"name":"meters_to_feet_and_inches","decl":{"start":{"line":1,"column":16},"end":{"line":1,"column":41}},"loc":{"start":{"line":1,"column":47},"end":{"line":7,"column":1}},"line":1}},"branchMap":{},"s":{"0":0,"1":0,"2":0,"3":0,"4":0},"f":{"0":0},"b":{}}
,"C:\\Users\\mdaahmed\\Desktop\\Capstone\\PokemonApps\\src\\utils\\navigate.js": {"path":"C:\\Users\\mdaahmed\\Desktop\\Capstone\\PokemonApps\\src\\utils\\navigate.js","statementMap":{"0":{"start":{"line":4,"column":25},"end":{"line":10,"column":1}},"1":{"start":{"line":5,"column":2},"end":{"line":9,"column":4}}},"fnMap":{"0":{"name":"(anonymous_0)","decl":{"start":{"line":4,"column":25},"end":{"line":4,"column":26}},"loc":{"start":{"line":4,"column":53},"end":{"line":10,"column":1}},"line":4}},"branchMap":{},"s":{"0":0,"1":0},"f":{"0":0},"b":{}}
,"C:\\Users\\mdaahmed\\Desktop\\Capstone\\PokemonApps\\src\\utils\\randomColor.js": {"path":"C:\\Users\\mdaahmed\\Desktop\\Capstone\\PokemonApps\\src\\utils\\randomColor.js","statementMap":{"0":{"start":{"line":2,"column":35},"end":{"line":6,"column":1}},"1":{"start":{"line":4,"column":4},"end":{"line":4,"column":73}},"2":{"start":{"line":5,"column":2},"end":{"line":5,"column":21}}},"fnMap":{"0":{"name":"(anonymous_0)","decl":{"start":{"line":2,"column":35},"end":{"line":2,"column":36}},"loc":{"start":{"line":2,"column":41},"end":{"line":6,"column":1}},"line":2}},"branchMap":{},"s":{"0":1,"1":2,"2":2},"f":{"0":2},"b":{},"_coverageSchema":"1a1c01bbd47fc00a2c39e90264f33305004495a9","hash":"c1138accb475d60136219b577be4fe48f579d385"}
,"C:\\Users\\mdaahmed\\Desktop\\Capstone\\PokemonApps\\src\\utils\\weightUtils.js": {"path":"C:\\Users\\mdaahmed\\Desktop\\Capstone\\PokemonApps\\src\\utils\\weightUtils.js","statementMap":{"0":{"start":{"line":2,"column":28},"end":{"line":2,"column":39}},"1":{"start":{"line":3,"column":2},"end":{"line":3,"column":37}}},"fnMap":{"0":{"name":"covert_Weight_to_Kg","decl":{"start":{"line":1,"column":16},"end":{"line":1,"column":35}},"loc":{"start":{"line":1,"column":44},"end":{"line":4,"column":1}},"line":1}},"branchMap":{},"s":{"0":0,"1":0},"f":{"0":0},"b":{}}
}
