{"C:\\Users\\mdaahmed\\Desktop\\Capstone\\PokemonApps\\src\\components\\atom\\badge\\BadgeButton.js": {"path":"C:\\Users\\mdaahmed\\Desktop\\Capstone\\PokemonApps\\src\\components\\atom\\badge\\BadgeButton.js","statementMap":{"0":{"start":{"line":4,"column":20},"end":{"line":21,"column":1}},"1":{"start":{"line":5,"column":48},"end":{"line":5,"column":67}},"2":{"start":{"line":6,"column":2},"end":{"line":8,"column":9}},"3":{"start":{"line":7,"column":4},"end":{"line":7,"column":46}},"4":{"start":{"line":10,"column":2},"end":{"line":20,"column":4}},"5":{"start":{"line":23,"column":15},"end":{"line":44,"column":2}}},"fnMap":{"0":{"name":"(anonymous_0)","decl":{"start":{"line":4,"column":20},"end":{"line":4,"column":21}},"loc":{"start":{"line":4,"column":46},"end":{"line":21,"column":1}},"line":4},"1":{"name":"(anonymous_1)","decl":{"start":{"line":6,"column":12},"end":{"line":6,"column":13}},"loc":{"start":{"line":6,"column":18},"end":{"line":8,"column":3}},"line":6}},"branchMap":{},"s":{"0":1,"1":4,"2":4,"3":2,"4":4,"5":1},"f":{"0":4,"1":2},"b":{},"_coverageSchema":"1a1c01bbd47fc00a2c39e90264f33305004495a9","hash":"42ce2330fc933c3c264789cbfabf0532138ec90c"}
,"C:\\Users\\mdaahmed\\Desktop\\Capstone\\PokemonApps\\src\\components\\atom\\loader\\Loader.js": {"path":"C:\\Users\\mdaahmed\\Desktop\\Capstone\\PokemonApps\\src\\components\\atom\\loader\\Loader.js","statementMap":{"0":{"start":{"line":4,"column":15},"end":{"line":8,"column":1}},"1":{"start":{"line":5,"column":2},"end":{"line":7,"column":9}},"2":{"start":{"line":10,"column":15},"end":{"line":20,"column":2}}},"fnMap":{"0":{"name":"(anonymous_0)","decl":{"start":{"line":4,"column":15},"end":{"line":4,"column":16}},"loc":{"start":{"line":5,"column":2},"end":{"line":7,"column":9}},"line":5}},"branchMap":{},"s":{"0":1,"1":1,"2":1},"f":{"0":1},"b":{},"_coverageSchema":"1a1c01bbd47fc00a2c39e90264f33305004495a9","hash":"ab8c65c92faced778bb7ce8200880a265ec30b1e"}
,"C:\\Users\\mdaahmed\\Desktop\\Capstone\\PokemonApps\\src\\components\\molecules\\header\\Header.js": {"path":"C:\\Users\\mdaahmed\\Desktop\\Capstone\\PokemonApps\\src\\components\\molecules\\header\\Header.js","statementMap":{"0":{"start":{"line":4,"column":24},"end":{"line":21,"column":1}},"1":{"start":{"line":5,"column":2},"end":{"line":20,"column":4}}},"fnMap":{"0":{"name":"(anonymous_0)","decl":{"start":{"line":4,"column":24},"end":{"line":4,"column":25}},"loc":{"start":{"line":4,"column":50},"end":{"line":21,"column":1}},"line":4}},"branchMap":{},"s":{"0":1,"1":1},"f":{"0":1},"b":{},"_coverageSchema":"1a1c01bbd47fc00a2c39e90264f33305004495a9","hash":"8db1962070022a8fd4ebb44afc5f7ead97e0c773"}
,"C:\\Users\\mdaahmed\\Desktop\\Capstone\\PokemonApps\\src\\services\\api.js": {"path":"C:\\Users\\mdaahmed\\Desktop\\Capstone\\PokemonApps\\src\\services\\api.js","statementMap":{"0":{"start":{"line":2,"column":17},"end":{"line":2,"column":41}},"1":{"start":{"line":3,"column":12},"end":{"line":8,"column":2}},"2":{"start":{"line":10,"column":30},"end":{"line":17,"column":1}},"3":{"start":{"line":11,"column":2},"end":{"line":16,"column":3}},"4":{"start":{"line":12,"column":21},"end":{"line":12,"column":39}},"5":{"start":{"line":13,"column":4},"end":{"line":13,"column":25}},"6":{"start":{"line":15,"column":4},"end":{"line":15,"column":35}},"7":{"start":{"line":19,"column":33},"end":{"line":26,"column":1}},"8":{"start":{"line":20,"column":2},"end":{"line":25,"column":3}},"9":{"start":{"line":21,"column":21},"end":{"line":21,"column":52}},"10":{"start":{"line":22,"column":4},"end":{"line":22,"column":25}},"11":{"start":{"line":24,"column":4},"end":{"line":24,"column":35}},"12":{"start":{"line":29,"column":30},"end":{"line":36,"column":1}},"13":{"start":{"line":30,"column":2},"end":{"line":35,"column":3}},"14":{"start":{"line":31,"column":21},"end":{"line":31,"column":60}},"15":{"start":{"line":32,"column":4},"end":{"line":32,"column":25}},"16":{"start":{"line":34,"column":4},"end":{"line":34,"column":35}},"17":{"start":{"line":39,"column":37},"end":{"line":46,"column":1}},"18":{"start":{"line":40,"column":2},"end":{"line":45,"column":3}},"19":{"start":{"line":41,"column":21},"end":{"line":41,"column":71}},"20":{"start":{"line":42,"column":4},"end":{"line":42,"column":25}},"21":{"start":{"line":44,"column":4},"end":{"line":44,"column":35}},"22":{"start":{"line":49,"column":32},"end":{"line":51,"column":1}},"23":{"start":{"line":50,"column":2},"end":{"line":50,"column":47}}},"fnMap":{"0":{"name":"(anonymous_0)","decl":{"start":{"line":10,"column":30},"end":{"line":10,"column":31}},"loc":{"start":{"line":10,"column":43},"end":{"line":17,"column":1}},"line":10},"1":{"name":"(anonymous_1)","decl":{"start":{"line":19,"column":33},"end":{"line":19,"column":34}},"loc":{"start":{"line":19,"column":45},"end":{"line":26,"column":1}},"line":19},"2":{"name":"(anonymous_2)","decl":{"start":{"line":29,"column":30},"end":{"line":29,"column":31}},"loc":{"start":{"line":29,"column":42},"end":{"line":36,"column":1}},"line":29},"3":{"name":"(anonymous_3)","decl":{"start":{"line":39,"column":37},"end":{"line":39,"column":38}},"loc":{"start":{"line":39,"column":49},"end":{"line":46,"column":1}},"line":39},"4":{"name":"(anonymous_4)","decl":{"start":{"line":49,"column":32},"end":{"line":49,"column":33}},"loc":{"start":{"line":49,"column":38},"end":{"line":51,"column":1}},"line":49}},"branchMap":{},"s":{"0":1,"1":1,"2":1,"3":1,"4":1,"5":0,"6":1,"7":1,"8":2,"9":2,"10":2,"11":0,"12":1,"13":0,"14":0,"15":0,"16":0,"17":1,"18":2,"19":2,"20":2,"21":0,"22":1,"23":2},"f":{"0":1,"1":2,"2":0,"3":2,"4":2},"b":{},"_coverageSchema":"1a1c01bbd47fc00a2c39e90264f33305004495a9","hash":"d747d6e5fb2ed5e17fce3f521b51603e6688afad"}
,"C:\\Users\\mdaahmed\\Desktop\\Capstone\\PokemonApps\\src\\styles\\componentStyles\\HeaderStyles.js": {"path":"C:\\Users\\mdaahmed\\Desktop\\Capstone\\PokemonApps\\src\\styles\\componentStyles\\HeaderStyles.js","statementMap":{"0":{"start":{"line":5,"column":28},"end":{"line":36,"column":2}}},"fnMap":{},"branchMap":{},"s":{"0":1},"f":{},"b":{},"_coverageSchema":"1a1c01bbd47fc00a2c39e90264f33305004495a9","hash":"ed2cef8a29b8648eaef0bcb1e78265239b9f8340"}
,"C:\\Users\\mdaahmed\\Desktop\\Capstone\\PokemonApps\\src\\tokens\\colors.js": {"path":"C:\\Users\\mdaahmed\\Desktop\\Capstone\\PokemonApps\\src\\tokens\\colors.js","statementMap":{"0":{"start":{"line":4,"column":27},"end":{"line":99,"column":1}},"1":{"start":{"line":101,"column":32},"end":{"line":117,"column":1}}},"fnMap":{},"branchMap":{},"s":{"0":2,"1":2},"f":{},"b":{},"_coverageSchema":"1a1c01bbd47fc00a2c39e90264f33305004495a9","hash":"c2efe3f584915540304175682f42b67bd12a833a"}
,"C:\\Users\\mdaahmed\\Desktop\\Capstone\\PokemonApps\\src\\tokens\\fonts.js": {"path":"C:\\Users\\mdaahmed\\Desktop\\Capstone\\PokemonApps\\src\\tokens\\fonts.js","statementMap":{"0":{"start":{"line":2,"column":25},"end":{"line":12,"column":1}},"1":{"start":{"line":15,"column":27},"end":{"line":20,"column":1}},"2":{"start":{"line":23,"column":27},"end":{"line":26,"column":1}}},"fnMap":{},"branchMap":{},"s":{"0":1,"1":1,"2":1},"f":{},"b":{},"_coverageSchema":"1a1c01bbd47fc00a2c39e90264f33305004495a9","hash":"0461e2a49896183be266fd0460ad5e0e79187c75"}
,"C:\\Users\\mdaahmed\\Desktop\\Capstone\\PokemonApps\\src\\tokens\\spacing.js": {"path":"C:\\Users\\mdaahmed\\Desktop\\Capstone\\PokemonApps\\src\\tokens\\spacing.js","statementMap":{"0":{"start":{"line":1,"column":22},"end":{"line":9,"column":1}},"1":{"start":{"line":11,"column":23},"end":{"line":26,"column":1}},"2":{"start":{"line":28,"column":20},"end":{"line":30,"column":1}}},"fnMap":{},"branchMap":{},"s":{"0":1,"1":1,"2":1},"f":{},"b":{},"_coverageSchema":"1a1c01bbd47fc00a2c39e90264f33305004495a9","hash":"c3080fc65b02bd6d5a7edabb6c80dee71cc78ca8"}
,"C:\\Users\\mdaahmed\\Desktop\\Capstone\\PokemonApps\\src\\utils\\randomColor.js": {"path":"C:\\Users\\mdaahmed\\Desktop\\Capstone\\PokemonApps\\src\\utils\\randomColor.js","statementMap":{"0":{"start":{"line":2,"column":35},"end":{"line":6,"column":1}},"1":{"start":{"line":4,"column":4},"end":{"line":4,"column":73}},"2":{"start":{"line":5,"column":2},"end":{"line":5,"column":21}}},"fnMap":{"0":{"name":"(anonymous_0)","decl":{"start":{"line":2,"column":35},"end":{"line":2,"column":36}},"loc":{"start":{"line":2,"column":41},"end":{"line":6,"column":1}},"line":2}},"branchMap":{},"s":{"0":1,"1":2,"2":2},"f":{"0":2},"b":{},"_coverageSchema":"1a1c01bbd47fc00a2c39e90264f33305004495a9","hash":"c1138accb475d60136219b577be4fe48f579d385"}
}
