TN:
SF:src\components\atom\badge\BadgeButton.js
FN:4,(anonymous_0)
FN:6,(anonymous_1)
FNF:2
FNH:2
FNDA:4,(anonymous_0)
FNDA:2,(anonymous_1)
DA:4,1
DA:5,4
DA:6,4
DA:7,2
DA:10,4
DA:23,1
LF:6
LH:6
BRF:0
BRH:0
end_of_record
TN:
SF:src\components\atom\loader\Loader.js
FN:4,(anonymous_0)
FNF:1
FNH:1
FNDA:1,(anonymous_0)
DA:4,1
DA:5,1
DA:10,1
LF:3
LH:3
BRF:0
BRH:0
end_of_record
TN:
SF:src\components\molecules\header\Header.js
FN:4,(anonymous_0)
FNF:1
FNH:1
FNDA:1,(anonymous_0)
DA:4,1
DA:5,1
LF:2
LH:2
BRF:0
BRH:0
end_of_record
TN:
SF:src\services\api.js
FN:10,(anonymous_0)
FN:19,(anonymous_1)
FN:29,(anonymous_2)
FN:39,(anonymous_3)
FN:49,(anonymous_4)
FNF:5
FNH:4
FNDA:1,(anonymous_0)
FNDA:2,(anonymous_1)
FNDA:0,(anonymous_2)
FNDA:2,(anonymous_3)
FNDA:2,(anonymous_4)
DA:2,1
DA:3,1
DA:10,1
DA:11,1
DA:12,1
DA:13,0
DA:15,1
DA:19,1
DA:20,2
DA:21,2
DA:22,2
DA:24,0
DA:29,1
DA:30,0
DA:31,0
DA:32,0
DA:34,0
DA:39,1
DA:40,2
DA:41,2
DA:42,2
DA:44,0
DA:49,1
DA:50,2
LF:24
LH:17
BRF:0
BRH:0
end_of_record
TN:
SF:src\styles\componentStyles\HeaderStyles.js
FNF:0
FNH:0
DA:5,1
LF:1
LH:1
BRF:0
BRH:0
end_of_record
TN:
SF:src\tokens\colors.js
FNF:0
FNH:0
DA:4,2
DA:101,2
LF:2
LH:2
BRF:0
BRH:0
end_of_record
TN:
SF:src\tokens\fonts.js
FNF:0
FNH:0
DA:2,1
DA:15,1
DA:23,1
LF:3
LH:3
BRF:0
BRH:0
end_of_record
TN:
SF:src\tokens\spacing.js
FNF:0
FNH:0
DA:1,1
DA:11,1
DA:28,1
LF:3
LH:3
BRF:0
BRH:0
end_of_record
TN:
SF:src\utils\randomColor.js
FN:2,(anonymous_0)
FNF:1
FNH:1
FNDA:2,(anonymous_0)
DA:2,1
DA:4,2
DA:5,2
LF:3
LH:3
BRF:0
BRH:0
end_of_record
